This is pdfTeX, Version 3.141592653-2.6-1.40.22 (MiKTeX 21.3) (preloaded format=pdflatex 2021.4.29)  29 APR 2021 13:40
entering extended mode
**./refman.tex
(refman.tex
LaTeX2e <2020-10-01> patch level 4
L3 programming layer <2021-02-18>
(C:\Program Files\MiKTeX\tex/latex/base\book.cls
Document Class: book 2020/04/10 v1.4m Standard LaTeX document class
(C:\Program Files\MiKTeX\tex/latex/base\bk10.clo
File: bk10.clo 2020/04/10 v1.4m Standard LaTeX file (size option)
)
\c@part=\count179
\c@chapter=\count180
\c@section=\count181
\c@subsection=\count182
\c@subsubsection=\count183
\c@paragraph=\count184
\c@subparagraph=\count185
\c@figure=\count186
\c@table=\count187
\abovecaptionskip=\skip47
\belowcaptionskip=\skip48
\bibindent=\dimen138
)
(C:\Program Files\MiKTeX\tex/latex/base\ifthen.sty
Package: ifthen 2014/09/29 v1.1c Standard LaTeX ifthen package (DPC)
)
(C:\Program Files\MiKTeX\tex/latex/latex-tools\array.sty
Rollback for package 'array' requested -> date 2016-10-06.
         Best approximation is the release introduced on 2016-10-06.

(C:\Program Files\MiKTeX\tex/latex/latex-tools\array-2016-10-06.sty
Package: array 2016/10/06 v2.4d Tabular extension package (FMi)
\col@sep=\dimen139
\extrarowheight=\dimen140
\NC@list=\toks15
\extratabsurround=\skip49
\backup@length=\skip50
))
(C:\Program Files\MiKTeX\tex/latex/base\fixltx2e.sty
Package: fixltx2e 2016/12/29 v2.1a fixes to LaTeX (obsolete)
Applying: [2015/01/01] Old fixltx2e package on input line 46.


Package fixltx2e Warning: fixltx2e is not required with releases after 2015
(fixltx2e)                All fixes are now in the LaTeX kernel.
(fixltx2e)                See the latexrelease package for details.

Already applied: [0000/00/00] Old fixltx2e package on input line 53.
) (doxygen.sty
Package: doxygen 
 (C:\Program Files\MiKTeX\tex/latex/base\alltt.sty
Package: alltt 1997/06/16 v2.0g defines alltt environment
)
(C:\Program Files\MiKTeX\tex/latex/latex-tools\calc.sty
Package: calc 2017/05/25 v4.3 Infix arithmetic (KKT,FJ)
\calc@Acount=\count188
\calc@Bcount=\count189
\calc@Adimen=\dimen141
\calc@Bdimen=\dimen142
\calc@Askip=\skip51
\calc@Bskip=\skip52
LaTeX Info: Redefining \setlength on input line 80.
LaTeX Info: Redefining \addtolength on input line 81.
\calc@Ccount=\count190
\calc@Cskip=\skip53
)
(C:\Users\BDCC\AppData\Roaming\MiKTeX\tex/latex/float\float.sty
Package: float 2001/11/08 v1.3d Float enhancements (AL)
\c@float@type=\count191
\float@exts=\toks16
\float@box=\box47
\@float@everytoks=\toks17
\@floatcapt=\box48
)
(C:\Program Files\MiKTeX\tex/latex/latex-tools\verbatim.sty
Package: verbatim 2020-07-07 v1.5u LaTeX2e package for verbatim enhancements
\every@verbatim=\toks18
\verbatim@line=\toks19
\verbatim@in@stream=\read2
)
(C:\Program Files\MiKTeX\tex/latex/xcolor\xcolor.sty
Package: xcolor 2016/05/11 v2.12 LaTeX color extensions (UK)

(C:\Program Files\MiKTeX\tex/latex/graphics-cfg\color.cfg
File: color.cfg 2016/01/02 v1.6 sample color configuration
)
Package xcolor Info: Driver file: pdftex.def on input line 225.

(C:\Program Files\MiKTeX\tex/latex/graphics-def\pdftex.def
File: pdftex.def 2020/10/05 v1.2a Graphics/color driver for pdftex
)
(C:\Users\BDCC\AppData\Roaming\MiKTeX\tex/latex/colortbl\colortbl.sty
Package: colortbl 2020/01/04 v1.0e Color table columns (DPC)
\everycr=\toks20
\minrowclearance=\skip54
)
\rownum=\count192
Package xcolor Info: Model `cmy' substituted by `cmy0' on input line 1348.
Package xcolor Info: Model `hsb' substituted by `rgb' on input line 1352.
Package xcolor Info: Model `RGB' extended on input line 1364.
Package xcolor Info: Model `HTML' substituted by `rgb' on input line 1366.
Package xcolor Info: Model `Hsb' substituted by `hsb' on input line 1367.
Package xcolor Info: Model `tHsb' substituted by `hsb' on input line 1368.
Package xcolor Info: Model `HSB' substituted by `hsb' on input line 1369.
Package xcolor Info: Model `Gray' substituted by `gray' on input line 1370.
Package xcolor Info: Model `wave' substituted by `hsb' on input line 1371.
)
(longtable_doxygen.sty
Package: longtable_doxygen 2014/10/28 v4.11 Multi-page Table package (DPC) - fr
ozen version for doxygen
\LTleft=\skip55
\LTright=\skip56
\LTpre=\skip57
\LTpost=\skip58
\LTchunksize=\count193
\LTcapwidth=\dimen143
\LT@head=\box49
\LT@firsthead=\box50
\LT@foot=\box51
\LT@lastfoot=\box52
\LT@cols=\count194
\LT@rows=\count195
\c@LT@tables=\count196
\c@LT@chunks=\count197
\LT@p@ftn=\toks21
) (tabu_doxygen.sty
Package: tabu_doxygen 2011/02/26 v2.8 - flexible LaTeX tabulars (FC), frozen ve
rsion for doxygen

(C:\Users\BDCC\AppData\Roaming\MiKTeX\tex/latex/varwidth\varwidth.sty
Package: varwidth 2009/03/30 ver 0.92;  Variable-width minipages
\@vwid@box=\box53
\sift@deathcycles=\count198
\@vwid@loff=\dimen144
\@vwid@roff=\dimen145
)
\c@taburow=\count199
\tabu@nbcols=\count266
\tabu@cnt=\count267
\tabu@Xcol=\count268
\tabu@alloc=\count269
\tabu@nested=\count270
\tabu@target=\dimen146
\tabu@spreadtarget=\dimen147
\tabu@naturalX=\dimen148
\tabucolX=\dimen149
\tabu@Xsum=\dimen150
\extrarowdepth=\dimen151
\abovetabulinesep=\dimen152
\belowtabulinesep=\dimen153
\tabustrutrule=\dimen154
\tabu@thebody=\toks22
\tabu@footnotes=\toks23
\tabu@box=\box54
\tabu@arstrutbox=\box55
\tabu@hleads=\box56
\tabu@vleads=\box57
\tabu@cellskip=\skip59
)
(C:\Users\BDCC\AppData\Roaming\MiKTeX\tex/latex/fancyvrb\fancyvrb.sty
Package: fancyvrb 2021/01/20 v3.7 verbatim text (tvz,hv)

(C:\Program Files\MiKTeX\tex/latex/graphics\keyval.sty
Package: keyval 2014/10/28 v1.15 key=value parser (DPC)
\KV@toks@=\toks24
)
\FV@CodeLineNo=\count271
\FV@InFile=\read3
\FV@TabBox=\box58
\c@FancyVerbLine=\count272
\FV@StepNumber=\count273
\FV@OutFile=\write3
)
(C:\Program Files\MiKTeX\tex/latex/latex-tools\tabularx.sty
Package: tabularx 2020/01/15 v2.11c `tabularx' package (DPC)
\TX@col@width=\dimen155
\TX@old@table=\dimen156
\TX@old@col=\dimen157
\TX@target=\dimen158
\TX@delta=\dimen159
\TX@cols=\count274
\TX@ftn=\toks25
)
(C:\Program Files\MiKTeX\tex/latex/latex-tools\multicol.sty
Package: multicol 2019/12/09 v1.8y multicolumn formatting (FMi)
\c@tracingmulticols=\count275
\mult@box=\box59
\multicol@leftmargin=\dimen160
\c@unbalance=\count276
\c@collectmore=\count277
\doublecol@number=\count278
\multicoltolerance=\count279
\multicolpretolerance=\count280
\full@width=\dimen161
\page@free=\dimen162
\premulticols=\dimen163
\postmulticols=\dimen164
\multicolsep=\skip60
\multicolbaselineskip=\skip61
\partial@page=\box60
\last@line=\box61
\maxbalancingoverflow=\dimen165
\mult@rightbox=\box62
\mult@grightbox=\box63
\mult@gfirstbox=\box64
\mult@firstbox=\box65
\@tempa=\box66
\@tempa=\box67
\@tempa=\box68
\@tempa=\box69
\@tempa=\box70
\@tempa=\box71
\@tempa=\box72
\@tempa=\box73
\@tempa=\box74
\@tempa=\box75
\@tempa=\box76
\@tempa=\box77
\@tempa=\box78
\@tempa=\box79
\@tempa=\box80
\@tempa=\box81
\@tempa=\box82
\@tempa=\box83
\@tempa=\box84
\@tempa=\box85
\@tempa=\box86
\@tempa=\box87
\@tempa=\box88
\@tempa=\box89
\@tempa=\box90
\@tempa=\box91
\@tempa=\box92
\@tempa=\box93
\@tempa=\box94
\@tempa=\box95
\@tempa=\box96
\@tempa=\box97
\@tempa=\box98
\@tempa=\box99
\@tempa=\box100
\@tempa=\box101
\@tempa=\box102
\c@minrows=\count281
\c@columnbadness=\count282
\c@finalcolumnbadness=\count283
\last@try=\dimen166
\multicolovershoot=\dimen167
\multicolundershoot=\dimen168
\mult@nat@firstbox=\box103
\colbreak@box=\box104
\mc@col@check@num=\count284
)
(C:\Users\BDCC\AppData\Roaming\MiKTeX\tex/latex/multirow\multirow.sty
Package: multirow 2021/03/15 v2.8 Span multiple rows of a table
\multirow@colwidth=\skip62
\multirow@cntb=\count285
\multirow@dima=\skip63
\bigstrutjot=\dimen169
)
(C:\Users\BDCC\AppData\Roaming\MiKTeX\tex/latex/hanging\hanging.sty
Package: hanging 2009/09/02 v1.2b hanging paragraphs and punctuation
\h@ngcommawd=\skip64
\h@ngfstopwd=\skip65
\h@ngquotewd=\skip66
\h@ngdquotewd=\skip67
\h@ngquerywd=\skip68
\h@ngexclwd=\skip69
\h@ngcolonwd=\skip70
\h@ngscolonwd=\skip71
)
(C:\Program Files\MiKTeX\tex/generic/iftex\ifpdf.sty
Package: ifpdf 2019/10/25 v3.4 ifpdf legacy package. Use iftex instead.

(C:\Program Files\MiKTeX\tex/generic/iftex\iftex.sty
Package: iftex 2020/03/06 v1.0d TeX engine tests
))
(C:\Users\BDCC\AppData\Roaming\MiKTeX\tex/latex/adjustbox\adjustbox.sty
Package: adjustbox 2020/08/19 v1.3 Adjusting TeX boxes (trim, clip, ...)

(C:\Program Files\MiKTeX\tex/latex/xkeyval\xkeyval.sty
Package: xkeyval 2020/11/20 v2.8 package option processing (HA)

(C:\Program Files\MiKTeX\tex/generic/xkeyval\xkeyval.tex
(C:\Program Files\MiKTeX\tex/generic/xkeyval\xkvutils.tex
\XKV@toks=\toks26
\XKV@tempa@toks=\toks27
)
\XKV@depth=\count286
File: xkeyval.tex 2014/12/03 v2.7a key=value parser (HA)
))
(C:\Users\BDCC\AppData\Roaming\MiKTeX\tex/latex/adjustbox\adjcalc.sty
Package: adjcalc 2012/05/16 v1.1 Provides advanced setlength with multiple back
-ends (calc, etex, pgfmath)
)
(C:\Users\BDCC\AppData\Roaming\MiKTeX\tex/latex/adjustbox\trimclip.sty
Package: trimclip 2020/08/19 v1.2 Trim and clip general TeX material

(C:\Program Files\MiKTeX\tex/latex/graphics\graphicx.sty
Package: graphicx 2020/09/09 v1.2b Enhanced LaTeX Graphics (DPC,SPQR)

(C:\Program Files\MiKTeX\tex/latex/graphics\graphics.sty
Package: graphics 2020/08/30 v1.4c Standard LaTeX Graphics (DPC,SPQR)

(C:\Program Files\MiKTeX\tex/latex/graphics\trig.sty
Package: trig 2016/01/03 v1.10 sin cos tan (DPC)
)
(C:\Program Files\MiKTeX\tex/latex/graphics-cfg\graphics.cfg
File: graphics.cfg 2016/06/04 v1.11 sample graphics configuration
)
Package graphics Info: Driver file: pdftex.def on input line 105.
)
\Gin@req@height=\dimen170
\Gin@req@width=\dimen171
)
(C:\Users\BDCC\AppData\Roaming\MiKTeX\tex/latex/collectbox\collectbox.sty
Package: collectbox 2012/05/17 v0.4b Collect macro arguments as boxes
\collectedbox=\box105
)
\tc@llx=\dimen172
\tc@lly=\dimen173
\tc@urx=\dimen174
\tc@ury=\dimen175
Package trimclip Info: Using driver 'tc-pdftex.def'.

(C:\Users\BDCC\AppData\Roaming\MiKTeX\tex/latex/adjustbox\tc-pdftex.def
File: tc-pdftex.def 2019/01/04 v2.2 Clipping driver for pdftex
))
\adjbox@Width=\dimen176
\adjbox@Height=\dimen177
\adjbox@Depth=\dimen178
\adjbox@Totalheight=\dimen179
\adjbox@pwidth=\dimen180
\adjbox@pheight=\dimen181
\adjbox@pdepth=\dimen182
\adjbox@ptotalheight=\dimen183

(C:\Users\BDCC\AppData\Roaming\MiKTeX\tex/latex/ifoddpage\ifoddpage.sty
Package: ifoddpage 2016/04/23 v1.1 Conditionals for odd/even page detection
\c@checkoddpage=\count287
))
(C:\Program Files\MiKTeX\tex/latex/amsfonts\amssymb.sty
Package: amssymb 2013/01/14 v3.01 AMS font symbols

(C:\Program Files\MiKTeX\tex/latex/amsfonts\amsfonts.sty
Package: amsfonts 2013/01/14 v3.01 Basic AMSFonts support
\@emptytoks=\toks28
\symAMSa=\mathgroup4
\symAMSb=\mathgroup5
LaTeX Font Info:    Redeclaring math symbol \hbar on input line 98.
LaTeX Font Info:    Overwriting math alphabet `\mathfrak' in version `bold'
(Font)                  U/euf/m/n --> U/euf/b/n on input line 106.
))
(C:\Users\BDCC\AppData\Roaming\MiKTeX\tex/latex/stackengine\stackengine.sty
Package: stackengine 2017/02/13 v4.01\ Stacking text and objects in convenient 
ways

(C:\Program Files\MiKTeX\tex/latex/etoolbox\etoolbox.sty
Package: etoolbox 2020/10/05 v2.5k e-TeX tools for LaTeX (JAW)
\etb@tempcnta=\count288
)
(C:\Users\BDCC\AppData\Roaming\MiKTeX\tex/latex/listofitems\listofitems.sty
(C:\Users\BDCC\AppData\Roaming\MiKTeX\tex/generic/listofitems\listofitems.tex
\loi_cnt_foreach_nest=\count289
\loi_nestcnt=\count290
)
Package: listofitems 2019/08/21 v1.63 Grab items in lists using user-specified 
sep char (CT)
)
\c@@stackindex=\count291
\@boxshift=\skip72
\stack@tmplength=\skip73
\temp@stkl=\skip74
\@stackedboxwidth=\skip75
\@addedbox=\box106
\@anchorbox=\box107
\stackedbox=\box108
\@centerbox=\box109
\c@ROWcellindex@=\count292
) (C:\Users\BDCC\AppData\Roaming\MiKTeX\tex/latex/ulem\ulem.sty
\UL@box=\box110
\UL@hyphenbox=\box111
\UL@skip=\skip76
\UL@hook=\toks29
\UL@height=\dimen184
\UL@pe=\count293
\UL@pixel=\dimen185
\ULC@box=\box112
Package: ulem 2019/11/18
\ULdepth=\dimen186
)
\xrefbox=\box113
\xreflength=\skip77
\CodeWidthChar=\skip78
\CodeHeightChar=\skip79
\DoxyCodeWidth=\skip80
)
(C:\Program Files\MiKTeX\tex/latex/base\inputenc.sty
Package: inputenc 2020/08/01 v1.3d Input encoding file
\inpenc@prehook=\toks30
\inpenc@posthook=\toks31
)
(C:\Program Files\MiKTeX\tex/latex/base\makeidx.sty
Package: makeidx 2014/09/29 v1.0m Standard LaTeX package
)
(C:\Program Files\MiKTeX\tex/latex/base\textcomp.sty
Package: textcomp 2020/02/02 v2.0n Standard LaTeX package
)
(C:\Users\BDCC\AppData\Roaming\MiKTeX\tex/latex/wasysym\wasysym.sty
Package: wasysym 2020/01/19 v2.4 Wasy-2 symbol support package
\symwasy=\mathgroup6
LaTeX Font Info:    Overwriting symbol font `wasy' in version `bold'
(Font)                  U/wasy/m/n --> U/wasy/b/n on input line 93.
)
(C:\Program Files\MiKTeX\tex/generic/iftex\ifxetex.sty
Package: ifxetex 2019/10/25 v0.7 ifxetex legacy package. Use iftex instead.
)
(C:\Program Files\MiKTeX\tex/latex/base\fontenc.sty
Package: fontenc 2020/08/10 v2.0s Standard LaTeX package
)
(C:\Users\BDCC\AppData\Roaming\MiKTeX\tex/latex/psnfss\helvet.sty
Package: helvet 2020/03/25 PSNFSS-v9.3 (WaS) 
)
(C:\Users\BDCC\AppData\Roaming\MiKTeX\tex/latex/psnfss\courier.sty
Package: courier 2020/03/25 PSNFSS-v9.3 (WaS) 
)
(C:\Users\BDCC\AppData\Roaming\MiKTeX\tex/latex/sectsty\sectsty.sty
Package: sectsty 2002/02/25 v2.0.2 Commands to change all sectional heading sty
les


LaTeX Warning: Command \underbar  has changed.
               Check if current package is valid.


LaTeX Warning: Command \underline  has changed.
               Check if current package is valid.

) (C:\Users\BDCC\AppData\Roaming\MiKTeX\tex/latex/geometry\geometry.sty
Package: geometry 2020/01/02 v5.9 Page Geometry

(C:\Program Files\MiKTeX\tex/generic/iftex\ifvtex.sty
Package: ifvtex 2019/10/25 v1.7 ifvtex legacy package. Use iftex instead.
)
\Gm@cnth=\count294
\Gm@cntv=\count295
\c@Gm@tempcnt=\count296
\Gm@bindingoffset=\dimen187
\Gm@wd@mp=\dimen188
\Gm@odd@mp=\dimen189
\Gm@even@mp=\dimen190
\Gm@layoutwidth=\dimen191
\Gm@layoutheight=\dimen192
\Gm@layouthoffset=\dimen193
\Gm@layoutvoffset=\dimen194
\Gm@dimlist=\toks32

(C:\Users\BDCC\AppData\Roaming\MiKTeX\tex/latex/geometry\geometry.cfg))
(C:\Users\BDCC\AppData\Roaming\MiKTeX\tex/latex/fancyhdr\fancyhdr.sty
Package: fancyhdr 2021/01/28 v4.0.1 Extensive control of page headers and foote
rs
\f@nch@headwidth=\skip81
\f@nch@O@elh=\skip82
\f@nch@O@erh=\skip83
\f@nch@O@olh=\skip84
\f@nch@O@orh=\skip85
\f@nch@O@elf=\skip86
\f@nch@O@erf=\skip87
\f@nch@O@olf=\skip88
\f@nch@O@orf=\skip89
)
(C:\Users\BDCC\AppData\Roaming\MiKTeX\tex/latex/natbib\natbib.sty
Package: natbib 2010/09/13 8.31b (PWD, AO)
\bibhang=\skip90
\bibsep=\skip91
LaTeX Info: Redefining \cite on input line 694.
\c@NAT@ctr=\count297
)
(C:\Users\BDCC\AppData\Roaming\MiKTeX\tex/latex/tocloft\tocloft.sty
Package: tocloft 2017/08/31 v2.3i parameterised ToC, etc., typesetting
Package tocloft Info: The document has chapter divisions on input line 51.
\cftparskip=\skip92
\cftbeforetoctitleskip=\skip93
\cftaftertoctitleskip=\skip94
\cftbeforepartskip=\skip95
\cftpartnumwidth=\skip96
\cftpartindent=\skip97
\cftbeforechapskip=\skip98
\cftchapindent=\skip99
\cftchapnumwidth=\skip100
\cftbeforesecskip=\skip101
\cftsecindent=\skip102
\cftsecnumwidth=\skip103
\cftbeforesubsecskip=\skip104
\cftsubsecindent=\skip105
\cftsubsecnumwidth=\skip106
\cftbeforesubsubsecskip=\skip107
\cftsubsubsecindent=\skip108
\cftsubsubsecnumwidth=\skip109
\cftbeforeparaskip=\skip110
\cftparaindent=\skip111
\cftparanumwidth=\skip112
\cftbeforesubparaskip=\skip113
\cftsubparaindent=\skip114
\cftsubparanumwidth=\skip115
\cftbeforeloftitleskip=\skip116
\cftafterloftitleskip=\skip117
\cftbeforefigskip=\skip118
\cftfigindent=\skip119
\cftfignumwidth=\skip120
\c@lofdepth=\count298
\c@lotdepth=\count299
\cftbeforelottitleskip=\skip121
\cftafterlottitleskip=\skip122
\cftbeforetabskip=\skip123
\cfttabindent=\skip124
\cfttabnumwidth=\skip125
)
\@indexfile=\write4
\openout4 = `refman.idx'.


Writing index file refman.idx

(C:\Users\BDCC\AppData\Roaming\MiKTeX\tex/latex/newunicodechar\newunicodechar.s
ty
Package: newunicodechar 2018/04/08 v1.2 Defining Unicode characters
)

Package newunicodechar Warning: Redefining Unicode character on input line 115.



Package newunicodechar Warning: Redefining Unicode character on input line 116.


(C:\Program Files\MiKTeX\tex/latex/hyperref\hyperref.sty
Package: hyperref 2021-02-27 v7.00k Hypertext links for LaTeX

(C:\Users\BDCC\AppData\Roaming\MiKTeX\tex/generic/ltxcmds\ltxcmds.sty
Package: ltxcmds 2020-05-10 v1.25 LaTeX kernel commands for general use (HO)
)
(C:\Program Files\MiKTeX\tex/generic/pdftexcmds\pdftexcmds.sty
Package: pdftexcmds 2020-06-27 v0.33 Utility functions of pdfTeX for LuaTeX (HO
)

(C:\Users\BDCC\AppData\Roaming\MiKTeX\tex/generic/infwarerr\infwarerr.sty
Package: infwarerr 2019/12/03 v1.5 Providing info/warning/error messages (HO)
)
Package pdftexcmds Info: \pdf@primitive is available.
Package pdftexcmds Info: \pdf@ifprimitive is available.
Package pdftexcmds Info: \pdfdraftmode found.
)
(C:\Users\BDCC\AppData\Roaming\MiKTeX\tex/generic/kvsetkeys\kvsetkeys.sty
Package: kvsetkeys 2019/12/15 v1.18 Key value parser (HO)
)
(C:\Users\BDCC\AppData\Roaming\MiKTeX\tex/generic/kvdefinekeys\kvdefinekeys.sty
Package: kvdefinekeys 2019-12-19 v1.6 Define keys (HO)
) (C:\Users\BDCC\AppData\Roaming\MiKTeX\tex/generic/pdfescape\pdfescape.sty
Package: pdfescape 2019/12/09 v1.15 Implements pdfTeX's escape features (HO)
)
(C:\Users\BDCC\AppData\Roaming\MiKTeX\tex/latex/hycolor\hycolor.sty
Package: hycolor 2020-01-27 v1.10 Color options for hyperref/bookmark (HO)
)
(C:\Users\BDCC\AppData\Roaming\MiKTeX\tex/latex/letltxmacro\letltxmacro.sty
Package: letltxmacro 2019/12/03 v1.6 Let assignment for LaTeX macros (HO)
)
(C:\Users\BDCC\AppData\Roaming\MiKTeX\tex/latex/auxhook\auxhook.sty
Package: auxhook 2019-12-17 v1.6 Hooks for auxiliary files (HO)
)
(C:\Users\BDCC\AppData\Roaming\MiKTeX\tex/latex/kvoptions\kvoptions.sty
Package: kvoptions 2020-10-07 v3.14 Key value format for package options (HO)
)
\@linkdim=\dimen195
\Hy@linkcounter=\count300
\Hy@pagecounter=\count301

(C:\Program Files\MiKTeX\tex/latex/hyperref\pd1enc.def
File: pd1enc.def 2021-02-27 v7.00k Hyperref: PDFDocEncoding definition (HO)
Now handling font encoding PD1 ...
... no UTF-8 mapping file for font encoding PD1
)
(C:\Program Files\MiKTeX\tex/latex/hyperref\hyperref-langpatches.def
File: hyperref-langpatches.def 2021-02-27 v7.00k Hyperref: patches for babel la
nguages
)
(C:\Users\BDCC\AppData\Roaming\MiKTeX\tex/generic/intcalc\intcalc.sty
Package: intcalc 2019/12/15 v1.3 Expandable calculations with integers (HO)
)
(C:\Users\BDCC\AppData\Roaming\MiKTeX\tex/generic/etexcmds\etexcmds.sty
Package: etexcmds 2019/12/15 v1.7 Avoid name clashes with e-TeX commands (HO)
)
\Hy@SavedSpaceFactor=\count302

(C:\Program Files\MiKTeX\tex/latex/hyperref\puenc.def
File: puenc.def 2021-02-27 v7.00k Hyperref: PDF Unicode definition (HO)
Now handling font encoding PU ...
... no UTF-8 mapping file for font encoding PU
)
Package hyperref Info: Hyper figures OFF on input line 4192.
Package hyperref Info: Link nesting OFF on input line 4197.
Package hyperref Info: Hyper index ON on input line 4200.
Package hyperref Info: Plain pages OFF on input line 4207.
Package hyperref Info: Backreferencing ON on input line 4210.
Package hyperref Info: Implicit mode ON; LaTeX internals redefined.
Package hyperref Info: Bookmarks ON on input line 4445.

(C:\Program Files\MiKTeX\tex/latex/hyperref\backref.sty
Package: backref 2021/02/04 v1.41 Bibliographical back referencing

(C:\Users\BDCC\AppData\Roaming\MiKTeX\tex/latex/rerunfilecheck\rerunfilecheck.s
ty
Package: rerunfilecheck 2019/12/05 v1.9 Rerun checks for auxiliary files (HO)
 (C:\Program Files\MiKTeX\tex/latex/base\atveryend-ltx.sty
Package: atveryend-ltx 2020/08/19 v1.0a Emulation of the original atvery packag
e
with kernel methods
)
(C:\Users\BDCC\AppData\Roaming\MiKTeX\tex/generic/uniquecounter\uniquecounter.s
ty
Package: uniquecounter 2019/12/15 v1.4 Provide unlimited unique counter (HO)
 (C:\Users\BDCC\AppData\Roaming\MiKTeX\tex/generic/bigintcalc\bigintcalc.sty
Package: bigintcalc 2019/12/15 v1.5 Expandable calculations on big integers (HO
)
))
Package uniquecounter Info: New unique counter `rerunfilecheck' on input line 2
86.
))
\c@Hy@tempcnt=\count303
 (C:\Program Files\MiKTeX\tex/latex/url\url.sty
\Urlmuskip=\muskip16
Package: url 2013/09/16  ver 3.4  Verb mode for urls, etc.
)
LaTeX Info: Redefining \url on input line 4804.
\XeTeXLinkMargin=\dimen196

(C:\Users\BDCC\AppData\Roaming\MiKTeX\tex/generic/bitset\bitset.sty
Package: bitset 2019/12/09 v1.3 Handle bit-vector datatype (HO)
)
\Fld@menulength=\count304
\Field@Width=\dimen197
\Fld@charsize=\dimen198
Package hyperref Info: Hyper figures OFF on input line 6075.
Package hyperref Info: Link nesting OFF on input line 6080.
Package hyperref Info: Hyper index ON on input line 6083.
Package hyperref Info: backreferencing ON on input line 6088.
Package hyperref Info: Link coloring OFF on input line 6095.
Package hyperref Info: Link coloring with OCG OFF on input line 6100.
Package hyperref Info: PDF/A mode OFF on input line 6105.
LaTeX Info: Redefining \ref on input line 6145.
LaTeX Info: Redefining \pageref on input line 6149.

(C:\Program Files\MiKTeX\tex/latex/base\atbegshi-ltx.sty
Package: atbegshi-ltx 2020/08/17 v1.0a Emulation of the original atbegshi packa
ge
with kernel methods
)
\Hy@abspage=\count305
\c@Item=\count306
\c@Hfootnote=\count307
)
Package hyperref Info: Driver: hpdftex.

(C:\Program Files\MiKTeX\tex/latex/hyperref\hpdftex.def
File: hpdftex.def 2021-02-27 v7.00k Hyperref driver for pdfTeX
\Fld@listcount=\count308
\c@bookmark@seq@number=\count309
\Hy@SectionHShift=\skip126
)
Package hyperref Info: Option `colorlinks' set `true' on input line 134.
Package hyperref Info: Option `unicode' set `true' on input line 134.

(C:\Users\BDCC\AppData\Roaming\MiKTeX\tex/latex/caption\caption.sty
Package: caption 2020/10/26 v3.5g Customizing captions (AR)

(C:\Users\BDCC\AppData\Roaming\MiKTeX\tex/latex/caption\caption3.sty
Package: caption3 2020/10/21 v2.2e caption3 kernel (AR)
\captionmargin=\dimen199
\captionmargin@=\dimen256
\captionwidth=\dimen257
\caption@tempdima=\dimen258
\caption@indent=\dimen259
\caption@parindent=\dimen260
\caption@hangindent=\dimen261
Package caption Info: Standard document class detected.
)
\c@caption@flags=\count310
\c@continuedfloat=\count311
Package caption Info: float package is loaded.
Package caption Info: hyperref package is loaded.
Package caption Info: longtable package is loaded.

(C:\Users\BDCC\AppData\Roaming\MiKTeX\tex/latex/caption\ltcaption.sty
Package: ltcaption 2020/05/30 v1.4b longtable captions (AR)
))
(C:\Users\BDCC\AppData\Roaming\MiKTeX\tex/latex/etoc\etoc.sty
Package: etoc 2020/05/15 v1.09c Completely customisable TOCs (JFB)
\Etoc@toctoks=\toks33
\c@etoc@tocid=\count312
\c@etoc@tocdepth=\count313
\etoc@framed@titlebox=\box114
\etoc@framed@contentsbox=\box115
)
LaTeX Font Info:    Trying to load font information for T1+phv on input line 14
9.

(C:\Users\BDCC\AppData\Roaming\MiKTeX\tex/latex/psnfss\t1phv.fd
File: t1phv.fd 2020/03/25 scalable font definitions for T1/phv.
)
LaTeX Font Info:    Font shape `T1/phv/m/n' will be
(Font)              scaled to size 8.99994pt on input line 149.

(C:\Program Files\MiKTeX\tex/latex/l3backend\l3backend-pdftex.def
File: l3backend-pdftex.def 2021-03-18 L3 backend support: PDF output (pdfTeX)
\l__color_backend_stack_int=\count314
\l__pdf_internal_box=\box116
) (refman.aux)
\openout1 = `refman.aux'.

LaTeX Font Info:    Checking defaults for OML/cmm/m/it on input line 149.
LaTeX Font Info:    ... okay on input line 149.
LaTeX Font Info:    Checking defaults for OMS/cmsy/m/n on input line 149.
LaTeX Font Info:    ... okay on input line 149.
LaTeX Font Info:    Checking defaults for OT1/cmr/m/n on input line 149.
LaTeX Font Info:    ... okay on input line 149.
LaTeX Font Info:    Checking defaults for T1/cmr/m/n on input line 149.
LaTeX Font Info:    ... okay on input line 149.
LaTeX Font Info:    Checking defaults for TS1/cmr/m/n on input line 149.
LaTeX Font Info:    ... okay on input line 149.
LaTeX Font Info:    Checking defaults for OMX/cmex/m/n on input line 149.
LaTeX Font Info:    ... okay on input line 149.
LaTeX Font Info:    Checking defaults for U/cmr/m/n on input line 149.
LaTeX Font Info:    ... okay on input line 149.
LaTeX Font Info:    Checking defaults for PD1/pdf/m/n on input line 149.
LaTeX Font Info:    ... okay on input line 149.
LaTeX Font Info:    Checking defaults for PU/pdf/m/n on input line 149.
LaTeX Font Info:    ... okay on input line 149.
(C:\Program Files\MiKTeX\tex/context/base/mkii\supp-pdf.mkii
[Loading MPS to PDF converter (version 2006.09.02).]
\scratchcounter=\count315
\scratchdimen=\dimen262
\scratchbox=\box117
\nofMPsegments=\count316
\nofMParguments=\count317
\everyMPshowfont=\toks34
\MPscratchCnt=\count318
\MPscratchDim=\dimen263
\MPnumerator=\count319
\makeMPintoPDFobject=\count320
\everyMPtoPDFconversion=\toks35
) (C:\Program Files\MiKTeX\tex/latex/epstopdf-pkg\epstopdf-base.sty
Package: epstopdf-base 2020-01-24 v2.11 Base part for package epstopdf
Package epstopdf-base Info: Redefining graphics rule for `.eps' on input line 4
85.

(C:\Program Files\MiKTeX\tex/latex/00miktex\epstopdf-sys.cfg
File: epstopdf-sys.cfg 2021/03/18 v2.0 Configuration of epstopdf for MiKTeX
))
*geometry* driver: auto-detecting
*geometry* detected driver: pdftex
*geometry* verbose mode - [ preamble ] result:
* driver: pdftex
* paper: a4paper
* layout: <same size as paper>
* layoutoffset:(h,v)=(0.0pt,0.0pt)
* modes: twoside 
* h-part:(L,W,R)=(71.13188pt, 455.24411pt, 71.13188pt)
* v-part:(T,H,B)=(71.13188pt, 702.78308pt, 71.13188pt)
* \paperwidth=597.50787pt
* \paperheight=845.04684pt
* \textwidth=455.24411pt
* \textheight=702.78308pt
* \oddsidemargin=-1.1381pt
* \evensidemargin=-1.1381pt
* \topmargin=-31.2056pt
* \headheight=12.0pt
* \headsep=18.06749pt
* \topskip=10.0pt
* \footskip=25.29494pt
* \marginparwidth=125.0pt
* \marginparsep=7.0pt
* \columnsep=10.0pt
* \skip\footins=9.0pt plus 4.0pt minus 2.0pt
* \hoffset=0.0pt
* \voffset=0.0pt
* \mag=1000
* \@twocolumnfalse
* \@twosidetrue
* \@mparswitchtrue
* \@reversemarginfalse
* (1in=72.27pt=25.4mm, 1cm=28.453pt)

Package hyperref Info: Link coloring ON on input line 149.
(C:\Program Files\MiKTeX\tex/latex/hyperref\nameref.sty
Package: nameref 2021-04-02 v2.47 Cross-referencing by name of section

(C:\Users\BDCC\AppData\Roaming\MiKTeX\tex/latex/refcount\refcount.sty
Package: refcount 2019/12/15 v3.6 Data extraction from label references (HO)
)
(C:\Users\BDCC\AppData\Roaming\MiKTeX\tex/generic/gettitlestring\gettitlestring
.sty
Package: gettitlestring 2019/12/15 v1.6 Cleanup title references (HO)
)
\c@section@level=\count321
)
LaTeX Info: Redefining \ref on input line 149.
LaTeX Info: Redefining \pageref on input line 149.
LaTeX Info: Redefining \nameref on input line 149.
 (refman.out) (refman.out)
\@outlinefile=\write5
\openout5 = `refman.out'.

Package backref Info: ** backref set up for natbib ** on input line 149.
Package caption Info: Begin \AtBeginDocument code.
Package caption Info: End \AtBeginDocument code.
\Etoc@tf=\read4
Package hyperref Info: Option `pageanchor' set `false' on input line 156.
Package hyperref Info: Option `bookmarksnumbered' set `true' on input line 156.

Package hyperref Info: Option `unicode' set `true' on input line 156.
LaTeX Font Info:    Font shape `T1/phv/m/n' will be
(Font)              scaled to size 12.9599pt on input line 161.
LaTeX Font Info:    Font shape `T1/phv/m/n' will be
(Font)              scaled to size 10.79993pt on input line 163.
 [1


{C:/Users/BDCC/AppData/Local/MiKTeX/pdftex/config/pdftex.map}] [2

]
\tf@toc=\write6
\openout6 = `refman.toc'.

LaTeX Font Info:    Font shape `T1/phv/b/n' will be
(Font)              scaled to size 8.99994pt on input line 169.
LaTeX Font Info:    Trying to load font information for U+msa on input line 169
.
 (C:\Program Files\MiKTeX\tex/latex/amsfonts\umsa.fd
File: umsa.fd 2013/01/14 v3.01 AMS symbols A
)
LaTeX Font Info:    Trying to load font information for U+msb on input line 169
.

(C:\Program Files\MiKTeX\tex/latex/amsfonts\umsb.fd
File: umsb.fd 2013/01/14 v3.01 AMS symbols B
)
LaTeX Font Info:    Trying to load font information for U+wasy on input line 16
9.

(C:\Users\BDCC\AppData\Roaming\MiKTeX\tex/latex/wasysym\uwasy.fd
File: uwasy.fd 2020/01/19 v2.4 Wasy-2 symbol font definitions
)
LaTeX Font Info:    Font shape `T1/phv/m/n' will be
(Font)              scaled to size 6.29996pt on input line 169.
LaTeX Font Info:    Font shape `T1/phv/b/n' will be
(Font)              scaled to size 6.29996pt on input line 169.
 [1] [2]
[3] [4]
Package hyperref Info: Option `pageanchor' set `true' on input line 171.

Chapter 1.
LaTeX Font Info:    Font shape `T1/phv/m/n' will be
(Font)              scaled to size 18.66588pt on input line 174.
LaTeX Font Info:    Font shape `T1/phv/b/n' will be
(Font)              scaled to size 18.66588pt on input line 174.
LaTeX Font Info:    Font shape `T1/phv/bc/n' will be
(Font)              scaled to size 18.66588pt on input line 174.
LaTeX Font Info:    Font shape `T1/phv/m/n' will be
(Font)              scaled to size 22.39185pt on input line 174.
LaTeX Font Info:    Font shape `T1/phv/b/n' will be
(Font)              scaled to size 22.39185pt on input line 174.
LaTeX Font Info:    Font shape `T1/phv/bc/n' will be
(Font)              scaled to size 22.39185pt on input line 174.
(hierarchy.tex
LaTeX Font Info:    Font shape `T1/phv/b/n' will be
(Font)              scaled to size 12.9599pt on input line 1.
) [1


] [2

]
Chapter 2.
(annotated.tex) [3] [4

]
Chapter 3.
(files.tex

LaTeX Warning: Reference `index_8php' on page 5 undefined on input line 3.


LaTeX Warning: Reference `test_8php' on page 5 undefined on input line 4.


LaTeX Warning: Reference `footer_8php' on page 5 undefined on input line 5.


LaTeX Warning: Reference `head_8php' on page 5 undefined on input line 6.


LaTeX Warning: Reference `modal_8php' on page 5 undefined on input line 7.


LaTeX Warning: Reference `navbar_8php' on page 5 undefined on input line 8.


LaTeX Warning: Reference `download_controller_8php' on page 5 undefined on inpu
t line 12.


LaTeX Warning: Reference `games_controller_8php' on page 5 undefined on input l
ine 13.


LaTeX Warning: Reference `index_controller_8php' on page 5 undefined on input l
ine 14.


LaTeX Warning: Reference `interface_controller_8php' on page 5 undefined on inp
ut line 15.


LaTeX Warning: Reference `login_controller_8php' on page 5 undefined on input l
ine 16.


LaTeX Warning: Reference `main_controller_8php' on page 5 undefined on input li
ne 17.


LaTeX Warning: Reference `signin_controller_8php' on page 5 undefined on input 
line 18.


LaTeX Warning: Reference `users_controller_8php' on page 5 undefined on input l
ine 19.


LaTeX Warning: Reference `style_8css' on page 5 undefined on input line 20.

[5]) [6]
Chapter 4.
(class_administrator.tex
LaTeX Font Info:    Font shape `T1/phv/b/n' will be
(Font)              scaled to size 10.79993pt on input line 3.
LaTeX Font Info:    Trying to load font information for TS1+phv on input line 6
.

(C:\Users\BDCC\AppData\Roaming\MiKTeX\tex/latex/psnfss\ts1phv.fd
File: ts1phv.fd 2020/03/25 scalable font definitions for TS1/phv.
)
LaTeX Font Info:    Font shape `TS1/phv/m/n' will be
(Font)              scaled to size 8.99994pt on input line 6.
LaTeX Font Info:    Font shape `T1/phv/m/n' will be
(Font)              scaled to size 7.19995pt on input line 55.
LaTeX Font Info:    Trying to load font information for T1+pcr on input line 55
.

(C:\Users\BDCC\AppData\Roaming\MiKTeX\tex/latex/psnfss\t1pcr.fd
File: t1pcr.fd 2001/06/04 font definitions for T1/pcr.
) [7

]
LaTeX Font Info:    Font shape `T1/pcr/m/it' in size <8> not available
(Font)              Font shape `T1/pcr/m/sl' tried instead on input line 111.
LaTeX Font Info:    Font shape `T1/pcr/m/it' in size <7> not available
(Font)              Font shape `T1/pcr/m/sl' tried instead on input line 111.

Overfull \vbox (63.56752pt too high) has occurred while \output is active []


[8]
Underfull \hbox (badness 10000) detected at line 128
[][][]
 []

 <./class_administrator_abbed68c25b9bdf4505486f191818dc7e_cgraph.pdf

pdfTeX warning: pdflatex (file ./class_administrator_abbed68c25b9bdf4505486f191
818dc7e_cgraph.pdf): PDF inclusion: multiple pdfs with page group included in a
 single page
>
<class_administrator_abbed68c25b9bdf4505486f191818dc7e_cgraph.pdf, id=957, 428.
60126pt x 138.5175pt>
File: class_administrator_abbed68c25b9bdf4505486f191818dc7e_cgraph.pdf Graphic 
file (type pdf)
<use class_administrator_abbed68c25b9bdf4505486f191818dc7e_cgraph.pdf>
Package pdftex.def Info: class_administrator_abbed68c25b9bdf4505486f191818dc7e_
cgraph.pdf  used on input line 161.
(pdftex.def)             Requested size: 350.0pt x 113.11584pt.

Underfull \hbox (badness 10000) detected at line 177
[][][]
 []

[9] <./class_administrator_aa81b23c6aa225a1278e699194a441cd3_icgraph.pdf>
<class_administrator_aa81b23c6aa225a1278e699194a441cd3_icgraph.pdf, id=976, 401
.5pt x 100.375pt>
File: class_administrator_aa81b23c6aa225a1278e699194a441cd3_icgraph.pdf Graphic
 file (type pdf)
<use class_administrator_aa81b23c6aa225a1278e699194a441cd3_icgraph.pdf>
Package pdftex.def Info: class_administrator_aa81b23c6aa225a1278e699194a441cd3_
icgraph.pdf  used on input line 203.
(pdftex.def)             Requested size: 350.0pt x 87.50626pt.

Underfull \hbox (badness 10000) detected at line 214
[][][]
 []

[10]
Underfull \hbox (badness 10000) detected at line 255
[][][]
 []


Underfull \hbox (badness 10000) detected at line 289
[][][]
 []

[11] <./class_administrator_a50c924aafa709b3032fedb0c41a944bf_cgraph.pdf

pdfTeX warning: pdflatex (file ./class_administrator_a50c924aafa709b3032fedb0c4
1a944bf_cgraph.pdf): PDF inclusion: multiple pdfs with page group included in a
 single page
>
<class_administrator_a50c924aafa709b3032fedb0c41a944bf_cgraph.pdf, id=1006, 306
.14375pt x 100.375pt>
File: class_administrator_a50c924aafa709b3032fedb0c41a944bf_cgraph.pdf Graphic 
file (type pdf)
<use class_administrator_a50c924aafa709b3032fedb0c41a944bf_cgraph.pdf>
Package pdftex.def Info: class_administrator_a50c924aafa709b3032fedb0c41a944bf_
cgraph.pdf  used on input line 333.
(pdftex.def)             Requested size: 305.0pt x 100.00562pt.
 <./class_administrator_a50c924aafa709b3032fedb0c41a944bf_icgraph.pdf

pdfTeX warning: pdflatex (file ./class_administrator_a50c924aafa709b3032fedb0c4
1a944bf_icgraph.pdf): PDF inclusion: multiple pdfs with page group included in 
a single page
>
<class_administrator_a50c924aafa709b3032fedb0c41a944bf_icgraph.pdf, id=1014, 24
6.9225pt x 100.375pt>
File: class_administrator_a50c924aafa709b3032fedb0c41a944bf_icgraph.pdf Graphic
 file (type pdf)
<use class_administrator_a50c924aafa709b3032fedb0c41a944bf_icgraph.pdf>
Package pdftex.def Info: class_administrator_a50c924aafa709b3032fedb0c41a944bf_
icgraph.pdf  used on input line 340.
(pdftex.def)             Requested size: 246.0pt x 99.9995pt.

Underfull \hbox (badness 10000) detected at line 356
[][][]
 []

[12] <./class_administrator_a73706dbcb06c2ae9ffc11033ad1266c3_icgraph.pdf>
<class_administrator_a73706dbcb06c2ae9ffc11033ad1266c3_icgraph.pdf, id=1033, 27
4.02374pt x 100.375pt>
File: class_administrator_a73706dbcb06c2ae9ffc11033ad1266c3_icgraph.pdf Graphic
 file (type pdf)
<use class_administrator_a73706dbcb06c2ae9ffc11033ad1266c3_icgraph.pdf>
Package pdftex.def Info: class_administrator_a73706dbcb06c2ae9ffc11033ad1266c3_
icgraph.pdf  used on input line 399.
(pdftex.def)             Requested size: 273.0pt x 100.00716pt.
)
(class_administrator_controller.tex <./class_administrator_controller__inherit_
_graph.pdf

pdfTeX warning: pdflatex (file ./class_administrator_controller__inherit__graph
.pdf): PDF inclusion: multiple pdfs with page group included in a single page
>
<class_administrator_controller__inherit__graph.pdf, id=1042, 238.8925pt x 156.
585pt>
File: class_administrator_controller__inherit__graph.pdf Graphic file (type pdf
)
<use class_administrator_controller__inherit__graph.pdf>
Package pdftex.def Info: class_administrator_controller__inherit__graph.pdf  us
ed on input line 9.
(pdftex.def)             Requested size: 238.0pt x 155.99922pt.
 <./class_administrator_controller__coll__graph.pdf

pdfTeX warning: pdflatex (file ./class_administrator_controller__coll__graph.pd
f): PDF inclusion: multiple pdfs with page group included in a single page
>
<class_administrator_controller__coll__graph.pdf, id=1050, 238.8925pt x 156.585
pt>
File: class_administrator_controller__coll__graph.pdf Graphic file (type pdf)
<use class_administrator_controller__coll__graph.pdf>
Package pdftex.def Info: class_administrator_controller__coll__graph.pdf  used 
on input line 18.
(pdftex.def)             Requested size: 238.0pt x 155.99922pt.
 [13] [14]
Underfull \hbox (badness 10000) detected at line 82
[][][]
 []

[15] [16]
Underfull \hbox (badness 10000) detected at line 268
[][][]
 []

) (class_categories.tex [17] [18]
Underfull \hbox (badness 10000) detected at line 103
[][][]
 []


Overfull \vbox (6.8807pt too high) has occurred while \output is active []


[19]
Underfull \hbox (badness 10000) detected at line 139
[][][]
 []


Underfull \hbox (badness 10000) detected at line 183
[][][]
 []

[20]
Underfull \hbox (badness 10000) detected at line 216
[][][]
 []


Underfull \hbox (badness 10000) detected at line 245
[][][]
 []

) (class_dashboard_controller.tex <./class_dashboard_controller__inherit__graph
.pdf

pdfTeX warning: pdflatex (file ./class_dashboard_controller__inherit__graph.pdf
): PDF inclusion: multiple pdfs with page group included in a single page
>
<class_dashboard_controller__inherit__graph.pdf, id=1164, 238.8925pt x 156.585p
t>
File: class_dashboard_controller__inherit__graph.pdf Graphic file (type pdf)
<use class_dashboard_controller__inherit__graph.pdf>
Package pdftex.def Info: class_dashboard_controller__inherit__graph.pdf  used o
n input line 9.
(pdftex.def)             Requested size: 238.0pt x 155.99922pt.
 <./class_dashboard_controller__coll__graph.pdf

pdfTeX warning: pdflatex (file ./class_dashboard_controller__coll__graph.pdf): 
PDF inclusion: multiple pdfs with page group included in a single page
>
<class_dashboard_controller__coll__graph.pdf, id=1172, 238.8925pt x 156.585pt>
File: class_dashboard_controller__coll__graph.pdf Graphic file (type pdf)
<use class_dashboard_controller__coll__graph.pdf>
Package pdftex.def Info: class_dashboard_controller__coll__graph.pdf  used on i
nput line 18.
(pdftex.def)             Requested size: 238.0pt x 155.99922pt.
 [21]) (class_download.tex [22]
Underfull \hbox (badness 10000) detected at line 35
[][][]
 []

) (class_download_controller.tex <./class_download_controller__inherit__graph.p
df>
<class_download_controller__inherit__graph.pdf, id=1211, 238.8925pt x 156.585pt
>
File: class_download_controller__inherit__graph.pdf Graphic file (type pdf)
<use class_download_controller__inherit__graph.pdf>
Package pdftex.def Info: class_download_controller__inherit__graph.pdf  used on
 input line 9.
(pdftex.def)             Requested size: 238.0pt x 155.99922pt.
 [23] <./class_download_controller__coll__graph.pdf

pdfTeX warning: pdflatex (file ./class_download_controller__coll__graph.pdf): P
DF inclusion: multiple pdfs with page group included in a single page
>
<class_download_controller__coll__graph.pdf, id=1231, 238.8925pt x 156.585pt>
File: class_download_controller__coll__graph.pdf Graphic file (type pdf)
<use class_download_controller__coll__graph.pdf>
Package pdftex.def Info: class_download_controller__coll__graph.pdf  used on in
put line 18.
(pdftex.def)             Requested size: 238.0pt x 155.99922pt.
) (class_games.tex [24] [25]
Underfull \hbox (badness 10000) detected at line 141
[][][]
 []

[26]
Underfull \hbox (badness 10000) detected at line 172
[][][]
 []


Underfull \hbox (badness 10000) detected at line 207
[][][]
 []

[27]
Underfull \hbox (badness 10000) detected at line 239
[][][]
 []


Underfull \hbox (badness 10000) detected at line 270
[][][]
 []

[28]
Underfull \hbox (badness 10000) detected at line 302
[][][]
 []


Underfull \hbox (badness 10000) detected at line 331
[][][]
 []


Underfull \hbox (badness 10000) detected at line 362
[][][]
 []

[29]
Underfull \hbox (badness 10000) detected at line 394
[][][]
 []


Underfull \hbox (badness 10000) detected at line 423
[][][]
 []

[30]) (class_games_controller.tex <./class_games_controller__inherit__graph.pdf


pdfTeX warning: pdflatex (file ./class_games_controller__inherit__graph.pdf): P
DF inclusion: multiple pdfs with page group included in a single page
>
<class_games_controller__inherit__graph.pdf, id=1340, 238.8925pt x 156.585pt>
File: class_games_controller__inherit__graph.pdf Graphic file (type pdf)
<use class_games_controller__inherit__graph.pdf>
Package pdftex.def Info: class_games_controller__inherit__graph.pdf  used on in
put line 9.
(pdftex.def)             Requested size: 238.0pt x 155.99922pt.
 <./class_games_controller__coll__graph.pdf

pdfTeX warning: pdflatex (file ./class_games_controller__coll__graph.pdf): PDF 
inclusion: multiple pdfs with page group included in a single page
>
<class_games_controller__coll__graph.pdf, id=1348, 238.8925pt x 156.585pt>
File: class_games_controller__coll__graph.pdf Graphic file (type pdf)
<use class_games_controller__coll__graph.pdf>
Package pdftex.def Info: class_games_controller__coll__graph.pdf  used on input
 line 18.
(pdftex.def)             Requested size: 238.0pt x 155.99922pt.
 [31]) (interfacei_controller.tex <./interfacei_controller__inherit__graph.pdf>
<interfacei_controller__inherit__graph.pdf, id=1366, 293.095pt x 367.3725pt>
File: interfacei_controller__inherit__graph.pdf Graphic file (type pdf)
<use interfacei_controller__inherit__graph.pdf>
Package pdftex.def Info: interfacei_controller__inherit__graph.pdf  used on inp
ut line 9.
(pdftex.def)             Requested size: 292.0pt x 365.99818pt.
 [32]) (class_index_controller.tex <./class_index_controller__inherit__graph.pd
f>
<class_index_controller__inherit__graph.pdf, id=1397, 238.8925pt x 156.585pt>
File: class_index_controller__inherit__graph.pdf Graphic file (type pdf)
<use class_index_controller__inherit__graph.pdf>
Package pdftex.def Info: class_index_controller__inherit__graph.pdf  used on in
put line 9.
(pdftex.def)             Requested size: 238.0pt x 155.99922pt.
 [33] <./class_index_controller__coll__graph.pdf>
<class_index_controller__coll__graph.pdf, id=1416, 238.8925pt x 156.585pt>
File: class_index_controller__coll__graph.pdf Graphic file (type pdf)
<use class_index_controller__coll__graph.pdf>
Package pdftex.def Info: class_index_controller__coll__graph.pdf  used on input
 line 18.
(pdftex.def)             Requested size: 238.0pt x 155.99922pt.
) (class_login.tex [34]
Underfull \hbox (badness 10000) detected at line 38
[][][]
 []

) (class_login_controller.tex <./class_login_controller__inherit__graph.pdf>
<class_login_controller__inherit__graph.pdf, id=1444, 238.8925pt x 156.585pt>
File: class_login_controller__inherit__graph.pdf Graphic file (type pdf)
<use class_login_controller__inherit__graph.pdf>
Package pdftex.def Info: class_login_controller__inherit__graph.pdf  used on in
put line 9.
(pdftex.def)             Requested size: 238.0pt x 155.99922pt.

[35] <./class_login_controller__coll__graph.pdf

pdfTeX warning: pdflatex (file ./class_login_controller__coll__graph.pdf): PDF 
inclusion: multiple pdfs with page group included in a single page
>
<class_login_controller__coll__graph.pdf, id=1465, 238.8925pt x 156.585pt>
File: class_login_controller__coll__graph.pdf Graphic file (type pdf)
<use class_login_controller__coll__graph.pdf>
Package pdftex.def Info: class_login_controller__coll__graph.pdf  used on input
 line 18.
(pdftex.def)             Requested size: 238.0pt x 155.99922pt.
) (class_main_controller.tex [36]) (class_signin.tex [37]
Underfull \hbox (badness 10000) detected at line 92
[][][]
 []

 <./class_signin_af943e6d90301a30c50f3fe502d363016_icgraph.pdf

pdfTeX warning: pdflatex (file ./class_signin_af943e6d90301a30c50f3fe502d363016
_icgraph.pdf): PDF inclusion: multiple pdfs with page group included in a singl
e page
>
<class_signin_af943e6d90301a30c50f3fe502d363016_icgraph.pdf, id=1523, 302.12875
pt x 100.375pt>
File: class_signin_af943e6d90301a30c50f3fe502d363016_icgraph.pdf Graphic file (
type pdf)
<use class_signin_af943e6d90301a30c50f3fe502d363016_icgraph.pdf>
Package pdftex.def Info: class_signin_af943e6d90301a30c50f3fe502d363016_icgraph
.pdf  used on input line 121.
(pdftex.def)             Requested size: 301.0pt x 99.9995pt.
 [38]
Underfull \hbox (badness 10000) detected at line 132
[][][]
 []


Underfull \hbox (badness 10000) detected at line 165
[][][]
 []

[39] <./class_signin_acfc95ed63fd1e8b5631b2079f42099ae_cgraph.pdf>
<class_signin_acfc95ed63fd1e8b5631b2079f42099ae_cgraph.pdf, id=1549, 302.12875p
t x 100.375pt>
File: class_signin_acfc95ed63fd1e8b5631b2079f42099ae_cgraph.pdf Graphic file (t
ype pdf)
<use class_signin_acfc95ed63fd1e8b5631b2079f42099ae_cgraph.pdf>
Package pdftex.def Info: class_signin_acfc95ed63fd1e8b5631b2079f42099ae_cgraph.
pdf  used on input line 202.
(pdftex.def)             Requested size: 301.0pt x 99.9995pt.
)
(class_signin_controller.tex <./class_signin_controller__inherit__graph.pdf

pdfTeX warning: pdflatex (file ./class_signin_controller__inherit__graph.pdf): 
PDF inclusion: multiple pdfs with page group included in a single page
>
<class_signin_controller__inherit__graph.pdf, id=1558, 238.8925pt x 156.585pt>
File: class_signin_controller__inherit__graph.pdf Graphic file (type pdf)
<use class_signin_controller__inherit__graph.pdf>
Package pdftex.def Info: class_signin_controller__inherit__graph.pdf  used on i
nput line 9.
(pdftex.def)             Requested size: 238.0pt x 155.99922pt.
 <./class_signin_controller__coll__graph.pdf

pdfTeX warning: pdflatex (file ./class_signin_controller__coll__graph.pdf): PDF
 inclusion: multiple pdfs with page group included in a single page
>
<class_signin_controller__coll__graph.pdf, id=1566, 238.8925pt x 156.585pt>
File: class_signin_controller__coll__graph.pdf Graphic file (type pdf)
<use class_signin_controller__coll__graph.pdf>
Package pdftex.def Info: class_signin_controller__coll__graph.pdf  used on inpu
t line 18.
(pdftex.def)             Requested size: 238.0pt x 155.99922pt.
 [40]) (class_user.tex [41]
Underfull \hbox (badness 10000) detected at line 84
[][][]
 []

[42] <./class_user_a7ee23f234f605d5e172d7bb660d2e837_icgraph.pdf

pdfTeX warning: pdflatex (file ./class_user_a7ee23f234f605d5e172d7bb660d2e837_i
cgraph.pdf): PDF inclusion: multiple pdfs with page group included in a single 
page
>
<class_user_a7ee23f234f605d5e172d7bb660d2e837_icgraph.pdf, id=1625, 323.2075pt 
x 100.375pt>
File: class_user_a7ee23f234f605d5e172d7bb660d2e837_icgraph.pdf Graphic file (ty
pe pdf)
<use class_user_a7ee23f234f605d5e172d7bb660d2e837_icgraph.pdf>
Package pdftex.def Info: class_user_a7ee23f234f605d5e172d7bb660d2e837_icgraph.p
df  used on input line 118.
(pdftex.def)             Requested size: 322.0pt x 100.00562pt.

Underfull \hbox (badness 10000) detected at line 138
[][][]
 []

[43]
Underfull \hbox (badness 10000) detected at line 186
[][][]
 []

 <./class_user_a187c3c585763cb6bc4364bfda2874381_cgraph.pdf>
<class_user_a187c3c585763cb6bc4364bfda2874381_cgraph.pdf, id=1648, 323.2075pt x
 100.375pt>
File: class_user_a187c3c585763cb6bc4364bfda2874381_cgraph.pdf Graphic file (typ
e pdf)
<use class_user_a187c3c585763cb6bc4364bfda2874381_cgraph.pdf>
Package pdftex.def Info: class_user_a187c3c585763cb6bc4364bfda2874381_cgraph.pd
f  used on input line 224.
(pdftex.def)             Requested size: 322.0pt x 100.00562pt.
 [44])
(class_user_data.tex [45]
Underfull \hbox (badness 10000) detected at line 75
[][][]
 []


Underfull \hbox (badness 10000) detected at line 109
[][][]
 []

[46]) (class_users_controller.tex <./class_users_controller__inherit__graph.pdf


pdfTeX warning: pdflatex (file ./class_users_controller__inherit__graph.pdf): P
DF inclusion: multiple pdfs with page group included in a single page
>
<class_users_controller__inherit__graph.pdf, id=1695, 163.61125pt x 156.585pt>
File: class_users_controller__inherit__graph.pdf Graphic file (type pdf)
<use class_users_controller__inherit__graph.pdf>
Package pdftex.def Info: class_users_controller__inherit__graph.pdf  used on in
put line 9.
(pdftex.def)             Requested size: 163.0pt x 155.99922pt.
 <./class_users_controller__coll__graph.pdf

pdfTeX warning: pdflatex (file ./class_users_controller__coll__graph.pdf): PDF 
inclusion: multiple pdfs with page group included in a single page
>
<class_users_controller__coll__graph.pdf, id=1703, 163.61125pt x 156.585pt>
File: class_users_controller__coll__graph.pdf Graphic file (type pdf)
<use class_users_controller__coll__graph.pdf>
Package pdftex.def Info: class_users_controller__coll__graph.pdf  used on input
 line 18.
(pdftex.def)             Requested size: 163.0pt x 155.99922pt.
 [47]) [48]
Chapter 5.
(administrator_controller_8php.tex
Underfull \hbox (badness 10000) detected at line 19
[][][]
 []


Underfull \hbox (badness 10000) detected at line 22
[][][]
 []

) (administrator_controller_8php_source.tex [49

] [50] [51] [52] [53] [54])
(controllers_8php.tex
Underfull \hbox (badness 10000) detected at line 14
[][][]
 []


Underfull \hbox (badness 10000) detected at line 17
[][][]
 []

) (controllers_8php_source.tex [55]) (dashboard_controller_8php.tex
Underfull \hbox (badness 10000) detected at line 19
[][][]
 []


Underfull \hbox (badness 10000) detected at line 22
[][][]
 []

) (dashboard_controller_8php_source.tex [56] [57] [58]) (administrator_8php.tex
[59]
Underfull \hbox (badness 10000) detected at line 19
[][][]
 []


Underfull \hbox (badness 10000) detected at line 22
[][][]
 []

) (administrator_8php_source.tex [60] [61]) (categorie_8php.tex
Underfull \hbox (badness 10000) detected at line 19
[][][]
 []


Underfull \hbox (badness 10000) detected at line 22
[][][]
 []

) (categorie_8php_source.tex [62] [63]) (class_8php.tex
Underfull \hbox (badness 10000) detected at line 14
[][][]
 []


Underfull \hbox (badness 10000) detected at line 17
[][][]
 []

) (class_8php_source.tex [64]) (download_8php.tex
Underfull \hbox (badness 10000) detected at line 19
[][][]
 []


Underfull \hbox (badness 10000) detected at line 22
[][][]
 []

) (download_8php_source.tex) (games_8php.tex [65]
Underfull \hbox (badness 10000) detected at line 19
[][][]
 []


Underfull \hbox (badness 10000) detected at line 22
[][][]
 []

) (games_8php_source.tex [66] [67] [68]) (login_8php.tex
Underfull \hbox (badness 10000) detected at line 19
[][][]
 []


Underfull \hbox (badness 10000) detected at line 22
[][][]
 []

) (login_8php_source.tex [69]) (signin_8php.tex [70]
Underfull \hbox (badness 10000) detected at line 19
[][][]
 []


Underfull \hbox (badness 10000) detected at line 22
[][][]
 []

) (signin_8php_source.tex [71]) (user_8php.tex
Underfull \hbox (badness 10000) detected at line 19
[][][]
 []


Underfull \hbox (badness 10000) detected at line 22
[][][]
 []

) (user_8php_source.tex [72] [73]) (userdata_8php.tex
Underfull \hbox (badness 10000) detected at line 19
[][][]
 []


Underfull \hbox (badness 10000) detected at line 22
[][][]
 []

) (userdata_8php_source.tex [74]) [75] [76

] (refman.ind [77


] [78

]) (refman.aux)

LaTeX Warning: There were undefined references.

Package rerunfilecheck Info: File `refman.out' has not changed.
(rerunfilecheck)             Checksum: ED123DABAD013BEB34370199D4D2A508;31016.
 ) 
Here is how much of TeX's memory you used:
 17328 strings out of 479321
 275911 string characters out of 2866504
 624373 words of memory out of 3000000
 33859 multiletter control sequences out of 15000+600000
 452752 words of font info for 79 fonts, out of 8000000 for 9000
 1141 hyphenation exceptions out of 8191
 112i,16n,117p,547b,637s stack positions out of 5000i,500n,10000p,200000b,80000s
pdfTeX warning (dest): name{users_controller_8php_source} has been referenced
 but does not exist, replaced by a fixed one

pdfTeX warning (dest): name{users_controller_8php_source_l00010} has been refer
enced but does not exist, replaced by a fixed one

pdfTeX warning (dest): name{signin_controller_8php_source} has been referenced 
but does not exist, replaced by a fixed one

pdfTeX warning (dest): name{signin_controller_8php_source_l00009} has been refe
renced but does not exist, replaced by a fixed one

pdfTeX warning (dest): name{main_controller_8php_source} has been referenced bu
t does not exist, replaced by a fixed one

pdfTeX warning (dest): name{main_controller_8php_source_l00009} has been refere
nced but does not exist, replaced by a fixed one

pdfTeX warning (dest): name{login_controller_8php_source} has been referenced b
ut does not exist, replaced by a fixed one

pdfTeX warning (dest): name{login_controller_8php_source_l00009} has been refer
enced but does not exist, replaced by a fixed one

pdfTeX warning (dest): name{index_controller_8php_source} has been referenced b
ut does not exist, replaced by a fixed one

pdfTeX warning (dest): name{index_controller_8php_source_l00009} has been refer
enced but does not exist, replaced by a fixed one

pdfTeX warning (dest): name{interface_controller_8php_source} has been referenc
ed but does not exist, replaced by a fixed one

pdfTeX warning (dest): name{interface_controller_8php_source_l00009} has been r
eferenced but does not exist, replaced by a fixed one

pdfTeX warning (dest): name{games_controller_8php_source} has been referenced b
ut does not exist, replaced by a fixed one

pdfTeX warning (dest): name{games_controller_8php_source_l00009} has been refer
enced but does not exist, replaced by a fixed one

pdfTeX warning (dest): name{download_controller_8php_source} has been reference
d but does not exist, replaced by a fixed one

pdfTeX warning (dest): name{download_controller_8php_source_l00009} has been re
ferenced but does not exist, replaced by a fixed one

{C:/Program Files/MiKTeX/fonts/enc/dvips/base/8r.enc}<C:/Program Files/MiKTeX/f
onts/type1/public/amsfonts/cm/cmsy7.pfb><C:/Program Files/MiKTeX/fonts/type1/ur
w/courier/ucrr8a.pfb><C:/Program Files/MiKTeX/fonts/type1/urw/courier/ucrro8a.p
fb><C:/Program Files/MiKTeX/fonts/type1/urw/helvetic/uhvb8a.pfb><C:/Program Fil
es/MiKTeX/fonts/type1/urw/helvetic/uhvb8ac.pfb><C:/Program Files/MiKTeX/fonts/t
ype1/urw/helvetic/uhvr8a.pfb><C:/Program Files/MiKTeX/fonts/type1/urw/helvetic/
uhvro8a.pfb>
Output written on refman.pdf (84 pages, 824138 bytes).
PDF statistics:
 2285 PDF objects out of 2487 (max. 8388607)
 527 named destinations out of 1000 (max. 500000)
 1323 words of extra memory for PDF output out of 10000 (max. 10000000)

