\BOOKMARK [0][-]{chapter.1}{\376\377\0001\000\040\000S\000y\000m\000f\000o\000n\000y\000\040\000P\000o\000l\000y\000f\000i\000l\000l\000\040\000/\000\040\000C\000t\000y\000p\000e}{}% 1
\BOOKMARK [1][-]{section.1.1}{\376\377\0001\000.\0001\000\040\000L\000i\000c\000e\000n\000s\000e}{chapter.1}% 2
\BOOKMARK [0][-]{chapter.2}{\376\377\0002\000\040\000H\000i\000e\000r\000a\000r\000c\000h\000i\000c\000a\000l\000\040\000I\000n\000d\000e\000x}{}% 3
\BOOKMARK [1][-]{section.2.1}{\376\377\0002\000.\0001\000\040\000C\000l\000a\000s\000s\000\040\000H\000i\000e\000r\000a\000r\000c\000h\000y}{chapter.2}% 4
\BOOKMARK [0][-]{chapter.3}{\376\377\0003\000\040\000D\000a\000t\000a\000\040\000S\000t\000r\000u\000c\000t\000u\000r\000e\000\040\000I\000n\000d\000e\000x}{}% 5
\BOOKMARK [1][-]{section.3.1}{\376\377\0003\000.\0001\000\040\000D\000a\000t\000a\000\040\000S\000t\000r\000u\000c\000t\000u\000r\000e\000s}{chapter.3}% 6
\BOOKMARK [0][-]{chapter.4}{\376\377\0004\000\040\000F\000i\000l\000e\000\040\000I\000n\000d\000e\000x}{}% 7
\BOOKMARK [1][-]{section.4.1}{\376\377\0004\000.\0001\000\040\000F\000i\000l\000e\000\040\000L\000i\000s\000t}{chapter.4}% 8
\BOOKMARK [0][-]{chapter.5}{\376\377\0005\000\040\000D\000a\000t\000a\000\040\000S\000t\000r\000u\000c\000t\000u\000r\000e\000\040\000D\000o\000c\000u\000m\000e\000n\000t\000a\000t\000i\000o\000n}{}% 9
\BOOKMARK [1][-]{section.5.1}{\376\377\0005\000.\0001\000\040\000C\000a\000t\000e\000g\000o\000r\000y\000\040\000C\000l\000a\000s\000s\000\040\000R\000e\000f\000e\000r\000e\000n\000c\000e}{chapter.5}% 10
\BOOKMARK [2][-]{subsection.5.1.1}{\376\377\0005\000.\0001\000.\0001\000\040\000C\000o\000n\000s\000t\000r\000u\000c\000t\000o\000r\000\040\000\046\000\040\000D\000e\000s\000t\000r\000u\000c\000t\000o\000r\000\040\000D\000o\000c\000u\000m\000e\000n\000t\000a\000t\000i\000o\000n}{section.5.1}% 11
\BOOKMARK [3][-]{subsubsection.5.1.1.1}{\376\377\0005\000.\0001\000.\0001\000.\0001\000\040\000\137\000\137\000c\000o\000n\000s\000t\000r\000u\000c\000t\000\050\000\051}{subsection.5.1.1}% 12
\BOOKMARK [1][-]{section.5.2}{\376\377\0005\000.\0002\000\040\000C\000a\000t\000e\000g\000o\000r\000y\000C\000o\000n\000t\000r\000o\000l\000l\000e\000r\000\040\000C\000l\000a\000s\000s\000\040\000R\000e\000f\000e\000r\000e\000n\000c\000e}{chapter.5}% 13
\BOOKMARK [2][-]{subsection.5.2.1}{\376\377\0005\000.\0002\000.\0001\000\040\000C\000o\000n\000s\000t\000r\000u\000c\000t\000o\000r\000\040\000\046\000\040\000D\000e\000s\000t\000r\000u\000c\000t\000o\000r\000\040\000D\000o\000c\000u\000m\000e\000n\000t\000a\000t\000i\000o\000n}{section.5.2}% 14
\BOOKMARK [3][-]{subsubsection.5.2.1.1}{\376\377\0005\000.\0002\000.\0001\000.\0001\000\040\000\137\000\137\000c\000o\000n\000s\000t\000r\000u\000c\000t\000\050\000\051}{subsection.5.2.1}% 15
\BOOKMARK [2][-]{subsection.5.2.2}{\376\377\0005\000.\0002\000.\0002\000\040\000M\000e\000m\000b\000e\000r\000\040\000F\000u\000n\000c\000t\000i\000o\000n\000\040\000D\000o\000c\000u\000m\000e\000n\000t\000a\000t\000i\000o\000n}{section.5.2}% 16
\BOOKMARK [3][-]{subsubsection.5.2.2.1}{\376\377\0005\000.\0002\000.\0002\000.\0001\000\040\000g\000e\000t\000A\000l\000l\000C\000a\000t\000e\000g\000o\000r\000y\000\050\000\051}{subsection.5.2.2}% 17
\BOOKMARK [1][-]{section.5.3}{\376\377\0005\000.\0003\000\040\000C\000l\000a\000s\000s\000L\000o\000a\000d\000e\000r\000\040\000C\000l\000a\000s\000s\000\040\000R\000e\000f\000e\000r\000e\000n\000c\000e}{chapter.5}% 18
\BOOKMARK [2][-]{subsection.5.3.1}{\376\377\0005\000.\0003\000.\0001\000\040\000D\000e\000t\000a\000i\000l\000e\000d\000\040\000D\000e\000s\000c\000r\000i\000p\000t\000i\000o\000n}{section.5.3}% 19
\BOOKMARK [2][-]{subsection.5.3.2}{\376\377\0005\000.\0003\000.\0002\000\040\000M\000e\000m\000b\000e\000r\000\040\000F\000u\000n\000c\000t\000i\000o\000n\000\040\000D\000o\000c\000u\000m\000e\000n\000t\000a\000t\000i\000o\000n}{section.5.3}% 20
\BOOKMARK [3][-]{subsubsection.5.3.2.1}{\376\377\0005\000.\0003\000.\0002\000.\0001\000\040\000a\000d\000d\000\050\000\051}{subsection.5.3.2}% 21
\BOOKMARK [3][-]{subsubsection.5.3.2.2}{\376\377\0005\000.\0003\000.\0002\000.\0002\000\040\000a\000d\000d\000C\000l\000a\000s\000s\000M\000a\000p\000\050\000\051}{subsection.5.3.2}% 22
\BOOKMARK [3][-]{subsubsection.5.3.2.3}{\376\377\0005\000.\0003\000.\0002\000.\0003\000\040\000a\000d\000d\000P\000s\000r\0004\000\050\000\051}{subsection.5.3.2}% 23
\BOOKMARK [3][-]{subsubsection.5.3.2.4}{\376\377\0005\000.\0003\000.\0002\000.\0004\000\040\000f\000i\000n\000d\000F\000i\000l\000e\000\050\000\051}{subsection.5.3.2}% 24
\BOOKMARK [3][-]{subsubsection.5.3.2.5}{\376\377\0005\000.\0003\000.\0002\000.\0005\000\040\000g\000e\000t\000A\000p\000c\000u\000P\000r\000e\000f\000i\000x\000\050\000\051}{subsection.5.3.2}% 25
\BOOKMARK [3][-]{subsubsection.5.3.2.6}{\376\377\0005\000.\0003\000.\0002\000.\0006\000\040\000g\000e\000t\000R\000e\000g\000i\000s\000t\000e\000r\000e\000d\000L\000o\000a\000d\000e\000r\000s\000\050\000\051}{subsection.5.3.2}% 26
\BOOKMARK [3][-]{subsubsection.5.3.2.7}{\376\377\0005\000.\0003\000.\0002\000.\0007\000\040\000g\000e\000t\000U\000s\000e\000I\000n\000c\000l\000u\000d\000e\000P\000a\000t\000h\000\050\000\051}{subsection.5.3.2}% 27
\BOOKMARK [3][-]{subsubsection.5.3.2.8}{\376\377\0005\000.\0003\000.\0002\000.\0008\000\040\000i\000s\000C\000l\000a\000s\000s\000M\000a\000p\000A\000u\000t\000h\000o\000r\000i\000t\000a\000t\000i\000v\000e\000\050\000\051}{subsection.5.3.2}% 28
\BOOKMARK [3][-]{subsubsection.5.3.2.9}{\376\377\0005\000.\0003\000.\0002\000.\0009\000\040\000l\000o\000a\000d\000C\000l\000a\000s\000s\000\050\000\051}{subsection.5.3.2}% 29
\BOOKMARK [3][-]{subsubsection.5.3.2.10}{\376\377\0005\000.\0003\000.\0002\000.\0001\0000\000\040\000r\000e\000g\000i\000s\000t\000e\000r\000\050\000\051}{subsection.5.3.2}% 30
\BOOKMARK [3][-]{subsubsection.5.3.2.11}{\376\377\0005\000.\0003\000.\0002\000.\0001\0001\000\040\000s\000e\000t\000\050\000\051}{subsection.5.3.2}% 31
\BOOKMARK [3][-]{subsubsection.5.3.2.12}{\376\377\0005\000.\0003\000.\0002\000.\0001\0002\000\040\000s\000e\000t\000A\000p\000c\000u\000P\000r\000e\000f\000i\000x\000\050\000\051}{subsection.5.3.2}% 32
\BOOKMARK [3][-]{subsubsection.5.3.2.13}{\376\377\0005\000.\0003\000.\0002\000.\0001\0003\000\040\000s\000e\000t\000C\000l\000a\000s\000s\000M\000a\000p\000A\000u\000t\000h\000o\000r\000i\000t\000a\000t\000i\000v\000e\000\050\000\051}{subsection.5.3.2}% 33
\BOOKMARK [3][-]{subsubsection.5.3.2.14}{\376\377\0005\000.\0003\000.\0002\000.\0001\0004\000\040\000s\000e\000t\000P\000s\000r\0004\000\050\000\051}{subsection.5.3.2}% 34
\BOOKMARK [3][-]{subsubsection.5.3.2.15}{\376\377\0005\000.\0003\000.\0002\000.\0001\0005\000\040\000s\000e\000t\000U\000s\000e\000I\000n\000c\000l\000u\000d\000e\000P\000a\000t\000h\000\050\000\051}{subsection.5.3.2}% 35
\BOOKMARK [3][-]{subsubsection.5.3.2.16}{\376\377\0005\000.\0003\000.\0002\000.\0001\0006\000\040\000u\000n\000r\000e\000g\000i\000s\000t\000e\000r\000\050\000\051}{subsection.5.3.2}% 36
\BOOKMARK [1][-]{section.5.4}{\376\377\0005\000.\0004\000\040\000C\000o\000m\000p\000o\000s\000e\000r\000A\000u\000t\000o\000l\000o\000a\000d\000e\000r\000I\000n\000i\000t\0001\0002\000d\0004\0001\000e\0005\000c\0009\0000\000a\0005\0000\0001\0003\0006\000b\000f\0003\000f\000a\000f\0008\0003\0009\000b\0001\0007\0009\0001\0008\0007\000\040\000C\000l\000a\000s\000s\000\040\000R\000e\000f\000e\000r\000e\000n\000c\000e}{chapter.5}% 37
\BOOKMARK [2][-]{subsection.5.4.1}{\376\377\0005\000.\0004\000.\0001\000\040\000M\000e\000m\000b\000e\000r\000\040\000F\000u\000n\000c\000t\000i\000o\000n\000\040\000D\000o\000c\000u\000m\000e\000n\000t\000a\000t\000i\000o\000n}{section.5.4}% 38
\BOOKMARK [3][-]{subsubsection.5.4.1.1}{\376\377\0005\000.\0004\000.\0001\000.\0001\000\040\000g\000e\000t\000L\000o\000a\000d\000e\000r\000\050\000\051}{subsection.5.4.1}% 39
\BOOKMARK [1][-]{section.5.5}{\376\377\0005\000.\0005\000\040\000C\000o\000m\000p\000o\000s\000e\000r\000S\000t\000a\000t\000i\000c\000I\000n\000i\000t\0001\0002\000d\0004\0001\000e\0005\000c\0009\0000\000a\0005\0000\0001\0003\0006\000b\000f\0003\000f\000a\000f\0008\0003\0009\000b\0001\0007\0009\0001\0008\0007\000\040\000C\000l\000a\000s\000s\000\040\000R\000e\000f\000e\000r\000e\000n\000c\000e}{chapter.5}% 40
\BOOKMARK [2][-]{subsection.5.5.1}{\376\377\0005\000.\0005\000.\0001\000\040\000F\000i\000e\000l\000d\000\040\000D\000o\000c\000u\000m\000e\000n\000t\000a\000t\000i\000o\000n}{section.5.5}% 41
\BOOKMARK [3][-]{subsubsection.5.5.1.1}{\376\377\0005\000.\0005\000.\0001\000.\0001\000\040\000c\000l\000a\000s\000s\000M\000a\000p}{subsection.5.5.1}% 42
\BOOKMARK [3][-]{subsubsection.5.5.1.2}{\376\377\0005\000.\0005\000.\0001\000.\0002\000\040\000f\000i\000l\000e\000s}{subsection.5.5.1}% 43
\BOOKMARK [3][-]{subsubsection.5.5.1.3}{\376\377\0005\000.\0005\000.\0001\000.\0003\000\040\000p\000r\000e\000f\000i\000x\000D\000i\000r\000s\000P\000s\000r\0004}{subsection.5.5.1}% 44
\BOOKMARK [3][-]{subsubsection.5.5.1.4}{\376\377\0005\000.\0005\000.\0001\000.\0004\000\040\000p\000r\000e\000f\000i\000x\000e\000s\000P\000s\000r\0000}{subsection.5.5.1}% 45
\BOOKMARK [3][-]{subsubsection.5.5.1.5}{\376\377\0005\000.\0005\000.\0001\000.\0005\000\040\000p\000r\000e\000f\000i\000x\000L\000e\000n\000g\000t\000h\000s\000P\000s\000r\0004}{subsection.5.5.1}% 46
\BOOKMARK [1][-]{section.5.6}{\376\377\0005\000.\0006\000\040\000C\000o\000n\000s\000o\000l\000e\000\040\000C\000l\000a\000s\000s\000\040\000R\000e\000f\000e\000r\000e\000n\000c\000e}{chapter.5}% 47
\BOOKMARK [2][-]{subsection.5.6.1}{\376\377\0005\000.\0006\000.\0001\000\040\000C\000o\000n\000s\000t\000r\000u\000c\000t\000o\000r\000\040\000\046\000\040\000D\000e\000s\000t\000r\000u\000c\000t\000o\000r\000\040\000D\000o\000c\000u\000m\000e\000n\000t\000a\000t\000i\000o\000n}{section.5.6}% 48
\BOOKMARK [3][-]{subsubsection.5.6.1.1}{\376\377\0005\000.\0006\000.\0001\000.\0001\000\040\000\137\000\137\000c\000o\000n\000s\000t\000r\000u\000c\000t\000\050\000\051}{subsection.5.6.1}% 49
\BOOKMARK [1][-]{section.5.7}{\376\377\0005\000.\0007\000\040\000C\000o\000n\000s\000t\000a\000n\000t\000s\000\040\000C\000l\000a\000s\000s\000\040\000R\000e\000f\000e\000r\000e\000n\000c\000e}{chapter.5}% 50
\BOOKMARK [1][-]{section.5.8}{\376\377\0005\000.\0008\000\040\000C\000t\000y\000p\000e\000\040\000C\000l\000a\000s\000s\000\040\000R\000e\000f\000e\000r\000e\000n\000c\000e}{chapter.5}% 51
\BOOKMARK [2][-]{subsection.5.8.1}{\376\377\0005\000.\0008\000.\0001\000\040\000D\000e\000t\000a\000i\000l\000e\000d\000\040\000D\000e\000s\000c\000r\000i\000p\000t\000i\000o\000n}{section.5.8}% 52
\BOOKMARK [2][-]{subsection.5.8.2}{\376\377\0005\000.\0008\000.\0002\000\040\000M\000e\000m\000b\000e\000r\000\040\000F\000u\000n\000c\000t\000i\000o\000n\000\040\000D\000o\000c\000u\000m\000e\000n\000t\000a\000t\000i\000o\000n}{section.5.8}% 53
\BOOKMARK [3][-]{subsubsection.5.8.2.1}{\376\377\0005\000.\0008\000.\0002\000.\0001\000\040\000c\000t\000y\000p\000e\000\137\000a\000l\000n\000u\000m\000\050\000\051}{subsection.5.8.2}% 54
\BOOKMARK [3][-]{subsubsection.5.8.2.2}{\376\377\0005\000.\0008\000.\0002\000.\0002\000\040\000c\000t\000y\000p\000e\000\137\000a\000l\000p\000h\000a\000\050\000\051}{subsection.5.8.2}% 55
\BOOKMARK [3][-]{subsubsection.5.8.2.3}{\376\377\0005\000.\0008\000.\0002\000.\0003\000\040\000c\000t\000y\000p\000e\000\137\000c\000n\000t\000r\000l\000\050\000\051}{subsection.5.8.2}% 56
\BOOKMARK [3][-]{subsubsection.5.8.2.4}{\376\377\0005\000.\0008\000.\0002\000.\0004\000\040\000c\000t\000y\000p\000e\000\137\000d\000i\000g\000i\000t\000\050\000\051}{subsection.5.8.2}% 57
\BOOKMARK [3][-]{subsubsection.5.8.2.5}{\376\377\0005\000.\0008\000.\0002\000.\0005\000\040\000c\000t\000y\000p\000e\000\137\000g\000r\000a\000p\000h\000\050\000\051}{subsection.5.8.2}% 58
\BOOKMARK [3][-]{subsubsection.5.8.2.6}{\376\377\0005\000.\0008\000.\0002\000.\0006\000\040\000c\000t\000y\000p\000e\000\137\000l\000o\000w\000e\000r\000\050\000\051}{subsection.5.8.2}% 59
\BOOKMARK [3][-]{subsubsection.5.8.2.7}{\376\377\0005\000.\0008\000.\0002\000.\0007\000\040\000c\000t\000y\000p\000e\000\137\000p\000r\000i\000n\000t\000\050\000\051}{subsection.5.8.2}% 60
\BOOKMARK [3][-]{subsubsection.5.8.2.8}{\376\377\0005\000.\0008\000.\0002\000.\0008\000\040\000c\000t\000y\000p\000e\000\137\000p\000u\000n\000c\000t\000\050\000\051}{subsection.5.8.2}% 61
\BOOKMARK [3][-]{subsubsection.5.8.2.9}{\376\377\0005\000.\0008\000.\0002\000.\0009\000\040\000c\000t\000y\000p\000e\000\137\000s\000p\000a\000c\000e\000\050\000\051}{subsection.5.8.2}% 62
\BOOKMARK [3][-]{subsubsection.5.8.2.10}{\376\377\0005\000.\0008\000.\0002\000.\0001\0000\000\040\000c\000t\000y\000p\000e\000\137\000u\000p\000p\000e\000r\000\050\000\051}{subsection.5.8.2}% 63
\BOOKMARK [3][-]{subsubsection.5.8.2.11}{\376\377\0005\000.\0008\000.\0002\000.\0001\0001\000\040\000c\000t\000y\000p\000e\000\137\000x\000d\000i\000g\000i\000t\000\050\000\051}{subsection.5.8.2}% 64
\BOOKMARK [1][-]{section.5.9}{\376\377\0005\000.\0009\000\040\000D\000A\000O\000C\000a\000t\000e\000g\000o\000r\000y\000\040\000C\000l\000a\000s\000s\000\040\000R\000e\000f\000e\000r\000e\000n\000c\000e}{chapter.5}% 65
\BOOKMARK [2][-]{subsection.5.9.1}{\376\377\0005\000.\0009\000.\0001\000\040\000C\000o\000n\000s\000t\000r\000u\000c\000t\000o\000r\000\040\000\046\000\040\000D\000e\000s\000t\000r\000u\000c\000t\000o\000r\000\040\000D\000o\000c\000u\000m\000e\000n\000t\000a\000t\000i\000o\000n}{section.5.9}% 66
\BOOKMARK [3][-]{subsubsection.5.9.1.1}{\376\377\0005\000.\0009\000.\0001\000.\0001\000\040\000\137\000\137\000c\000o\000n\000s\000t\000r\000u\000c\000t\000\050\000\051}{subsection.5.9.1}% 67
\BOOKMARK [2][-]{subsection.5.9.2}{\376\377\0005\000.\0009\000.\0002\000\040\000M\000e\000m\000b\000e\000r\000\040\000F\000u\000n\000c\000t\000i\000o\000n\000\040\000D\000o\000c\000u\000m\000e\000n\000t\000a\000t\000i\000o\000n}{section.5.9}% 68
\BOOKMARK [3][-]{subsubsection.5.9.2.1}{\376\377\0005\000.\0009\000.\0002\000.\0001\000\040\000g\000e\000t\000A\000l\000l\000C\000a\000t\000e\000g\000o\000r\000y\000\050\000\051}{subsection.5.9.2}% 69
\BOOKMARK [1][-]{section.5.10}{\376\377\0005\000.\0001\0000\000\040\000D\000A\000O\000C\000o\000n\000s\000o\000l\000e\000\040\000C\000l\000a\000s\000s\000\040\000R\000e\000f\000e\000r\000e\000n\000c\000e}{chapter.5}% 70
\BOOKMARK [2][-]{subsection.5.10.1}{\376\377\0005\000.\0001\0000\000.\0001\000\040\000C\000o\000n\000s\000t\000r\000u\000c\000t\000o\000r\000\040\000\046\000\040\000D\000e\000s\000t\000r\000u\000c\000t\000o\000r\000\040\000D\000o\000c\000u\000m\000e\000n\000t\000a\000t\000i\000o\000n}{section.5.10}% 71
\BOOKMARK [3][-]{subsubsection.5.10.1.1}{\376\377\0005\000.\0001\0000\000.\0001\000.\0001\000\040\000\137\000\137\000c\000o\000n\000s\000t\000r\000u\000c\000t\000\050\000\051}{subsection.5.10.1}% 72
\BOOKMARK [2][-]{subsection.5.10.2}{\376\377\0005\000.\0001\0000\000.\0002\000\040\000M\000e\000m\000b\000e\000r\000\040\000F\000u\000n\000c\000t\000i\000o\000n\000\040\000D\000o\000c\000u\000m\000e\000n\000t\000a\000t\000i\000o\000n}{section.5.10}% 73
\BOOKMARK [3][-]{subsubsection.5.10.2.1}{\376\377\0005\000.\0001\0000\000.\0002\000.\0001\000\040\000f\000i\000n\000d\000\050\000\051}{subsection.5.10.2}% 74
\BOOKMARK [1][-]{section.5.11}{\376\377\0005\000.\0001\0001\000\040\000D\000A\000O\000F\000i\000l\000e\000\040\000C\000l\000a\000s\000s\000\040\000R\000e\000f\000e\000r\000e\000n\000c\000e}{chapter.5}% 75
\BOOKMARK [2][-]{subsection.5.11.1}{\376\377\0005\000.\0001\0001\000.\0001\000\040\000C\000o\000n\000s\000t\000r\000u\000c\000t\000o\000r\000\040\000\046\000\040\000D\000e\000s\000t\000r\000u\000c\000t\000o\000r\000\040\000D\000o\000c\000u\000m\000e\000n\000t\000a\000t\000i\000o\000n}{section.5.11}% 76
\BOOKMARK [3][-]{subsubsection.5.11.1.1}{\376\377\0005\000.\0001\0001\000.\0001\000.\0001\000\040\000\137\000\137\000c\000o\000n\000s\000t\000r\000u\000c\000t\000\050\000\051}{subsection.5.11.1}% 77
\BOOKMARK [2][-]{subsection.5.11.2}{\376\377\0005\000.\0001\0001\000.\0002\000\040\000M\000e\000m\000b\000e\000r\000\040\000F\000u\000n\000c\000t\000i\000o\000n\000\040\000D\000o\000c\000u\000m\000e\000n\000t\000a\000t\000i\000o\000n}{section.5.11}% 78
\BOOKMARK [3][-]{subsubsection.5.11.2.1}{\376\377\0005\000.\0001\0001\000.\0002\000.\0001\000\040\000f\000i\000n\000d\000\050\000\051}{subsection.5.11.2}% 79
\BOOKMARK [1][-]{section.5.12}{\376\377\0005\000.\0001\0002\000\040\000D\000A\000O\000F\000i\000l\000e\000S\000a\000v\000e\000\040\000C\000l\000a\000s\000s\000\040\000R\000e\000f\000e\000r\000e\000n\000c\000e}{chapter.5}% 80
\BOOKMARK [2][-]{subsection.5.12.1}{\376\377\0005\000.\0001\0002\000.\0001\000\040\000C\000o\000n\000s\000t\000r\000u\000c\000t\000o\000r\000\040\000\046\000\040\000D\000e\000s\000t\000r\000u\000c\000t\000o\000r\000\040\000D\000o\000c\000u\000m\000e\000n\000t\000a\000t\000i\000o\000n}{section.5.12}% 81
\BOOKMARK [3][-]{subsubsection.5.12.1.1}{\376\377\0005\000.\0001\0002\000.\0001\000.\0001\000\040\000\137\000\137\000c\000o\000n\000s\000t\000r\000u\000c\000t\000\050\000\051}{subsection.5.12.1}% 82
\BOOKMARK [2][-]{subsection.5.12.2}{\376\377\0005\000.\0001\0002\000.\0002\000\040\000M\000e\000m\000b\000e\000r\000\040\000F\000u\000n\000c\000t\000i\000o\000n\000\040\000D\000o\000c\000u\000m\000e\000n\000t\000a\000t\000i\000o\000n}{section.5.12}% 83
\BOOKMARK [3][-]{subsubsection.5.12.2.1}{\376\377\0005\000.\0001\0002\000.\0002\000.\0001\000\040\000A\000d\000d\000F\000i\000l\000e\000S\000a\000v\000e\000\050\000\051}{subsection.5.12.2}% 84
\BOOKMARK [3][-]{subsubsection.5.12.2.2}{\376\377\0005\000.\0001\0002\000.\0002\000.\0002\000\040\000f\000i\000n\000d\000\050\000\051}{subsection.5.12.2}% 85
\BOOKMARK [3][-]{subsubsection.5.12.2.3}{\376\377\0005\000.\0001\0002\000.\0002\000.\0003\000\040\000f\000i\000n\000d\000F\000i\000l\000e\000N\000a\000m\000e\000\050\000\051}{subsection.5.12.2}% 86
\BOOKMARK [1][-]{section.5.13}{\376\377\0005\000.\0001\0003\000\040\000D\000A\000O\000G\000a\000m\000e\000\040\000C\000l\000a\000s\000s\000\040\000R\000e\000f\000e\000r\000e\000n\000c\000e}{chapter.5}% 87
\BOOKMARK [2][-]{subsection.5.13.1}{\376\377\0005\000.\0001\0003\000.\0001\000\040\000C\000o\000n\000s\000t\000r\000u\000c\000t\000o\000r\000\040\000\046\000\040\000D\000e\000s\000t\000r\000u\000c\000t\000o\000r\000\040\000D\000o\000c\000u\000m\000e\000n\000t\000a\000t\000i\000o\000n}{section.5.13}% 88
\BOOKMARK [3][-]{subsubsection.5.13.1.1}{\376\377\0005\000.\0001\0003\000.\0001\000.\0001\000\040\000\137\000\137\000c\000o\000n\000s\000t\000r\000u\000c\000t\000\050\000\051}{subsection.5.13.1}% 89
\BOOKMARK [2][-]{subsection.5.13.2}{\376\377\0005\000.\0001\0003\000.\0002\000\040\000M\000e\000m\000b\000e\000r\000\040\000F\000u\000n\000c\000t\000i\000o\000n\000\040\000D\000o\000c\000u\000m\000e\000n\000t\000a\000t\000i\000o\000n}{section.5.13}% 90
\BOOKMARK [3][-]{subsubsection.5.13.2.1}{\376\377\0005\000.\0001\0003\000.\0002\000.\0001\000\040\000a\000d\000d\000G\000a\000m\000e\000T\000o\000F\000a\000v\000o\000r\000i\000t\000e\000\050\000\051}{subsection.5.13.2}% 91
\BOOKMARK [3][-]{subsubsection.5.13.2.2}{\376\377\0005\000.\0001\0003\000.\0002\000.\0002\000\040\000a\000d\000d\000O\000n\000e\000M\000I\000n\000u\000t\000e\000T\000o\000G\000a\000m\000e\000T\000i\000m\000e\000\050\000\051}{subsection.5.13.2}% 92
\BOOKMARK [3][-]{subsubsection.5.13.2.3}{\376\377\0005\000.\0001\0003\000.\0002\000.\0003\000\040\000c\000h\000e\000c\000k\000I\000f\000G\000a\000m\000e\000F\000a\000v\000o\000r\000i\000t\000e\000\050\000\051}{subsection.5.13.2}% 93
\BOOKMARK [3][-]{subsubsection.5.13.2.4}{\376\377\0005\000.\0001\0003\000.\0002\000.\0004\000\040\000f\000i\000n\000d\000\050\000\051}{subsection.5.13.2}% 94
\BOOKMARK [3][-]{subsubsection.5.13.2.5}{\376\377\0005\000.\0001\0003\000.\0002\000.\0005\000\040\000f\000i\000n\000d\000A\000l\000l\000\050\000\051}{subsection.5.13.2}% 95
\BOOKMARK [3][-]{subsubsection.5.13.2.6}{\376\377\0005\000.\0001\0003\000.\0002\000.\0006\000\040\000f\000i\000n\000d\000F\000a\000v\000o\000r\000i\000t\000e\000G\000a\000m\000e\000O\000f\000U\000s\000e\000r\000\050\000\051}{subsection.5.13.2}% 96
\BOOKMARK [3][-]{subsubsection.5.13.2.7}{\376\377\0005\000.\0001\0003\000.\0002\000.\0007\000\040\000f\000i\000n\000d\000G\000a\000m\000e\000F\000r\000o\000m\000C\000a\000t\000e\000g\000o\000r\000y\000\050\000\051}{subsection.5.13.2}% 97
\BOOKMARK [3][-]{subsubsection.5.13.2.8}{\376\377\0005\000.\0001\0003\000.\0002\000.\0008\000\040\000f\000i\000n\000d\000G\000a\000m\000e\000s\000F\000r\000o\000m\000N\000a\000m\000e\000\050\000\051}{subsection.5.13.2}% 98
\BOOKMARK [3][-]{subsubsection.5.13.2.9}{\376\377\0005\000.\0001\0003\000.\0002\000.\0009\000\040\000f\000i\000n\000d\000T\000i\000m\000e\000s\000G\000a\000m\000e\000s\000U\000s\000e\000r\000\050\000\051}{subsection.5.13.2}% 99
\BOOKMARK [3][-]{subsubsection.5.13.2.10}{\376\377\0005\000.\0001\0003\000.\0002\000.\0001\0000\000\040\000g\000e\000t\000T\000i\000m\000e\000U\000s\000e\000r\000\050\000\051}{subsection.5.13.2}% 100
\BOOKMARK [3][-]{subsubsection.5.13.2.11}{\376\377\0005\000.\0001\0003\000.\0002\000.\0001\0001\000\040\000r\000e\000m\000o\000v\000e\000G\000a\000m\000e\000F\000r\000o\000m\000F\000a\000v\000o\000r\000i\000t\000e\000\050\000\051}{subsection.5.13.2}% 101
\BOOKMARK [1][-]{section.5.14}{\376\377\0005\000.\0001\0004\000\040\000D\000A\000O\000U\000s\000e\000r\000\040\000C\000l\000a\000s\000s\000\040\000R\000e\000f\000e\000r\000e\000n\000c\000e}{chapter.5}% 102
\BOOKMARK [2][-]{subsection.5.14.1}{\376\377\0005\000.\0001\0004\000.\0001\000\040\000C\000o\000n\000s\000t\000r\000u\000c\000t\000o\000r\000\040\000\046\000\040\000D\000e\000s\000t\000r\000u\000c\000t\000o\000r\000\040\000D\000o\000c\000u\000m\000e\000n\000t\000a\000t\000i\000o\000n}{section.5.14}% 103
\BOOKMARK [3][-]{subsubsection.5.14.1.1}{\376\377\0005\000.\0001\0004\000.\0001\000.\0001\000\040\000\137\000\137\000c\000o\000n\000s\000t\000r\000u\000c\000t\000\050\000\051}{subsection.5.14.1}% 104
\BOOKMARK [2][-]{subsection.5.14.2}{\376\377\0005\000.\0001\0004\000.\0002\000\040\000M\000e\000m\000b\000e\000r\000\040\000F\000u\000n\000c\000t\000i\000o\000n\000\040\000D\000o\000c\000u\000m\000e\000n\000t\000a\000t\000i\000o\000n}{section.5.14}% 105
\BOOKMARK [3][-]{subsubsection.5.14.2.1}{\376\377\0005\000.\0001\0004\000.\0002\000.\0001\000\040\000f\000i\000n\000d\000\050\000\051}{subsection.5.14.2}% 106
\BOOKMARK [3][-]{subsubsection.5.14.2.2}{\376\377\0005\000.\0001\0004\000.\0002\000.\0002\000\040\000f\000i\000n\000d\000A\000l\000l\000\050\000\051}{subsection.5.14.2}% 107
\BOOKMARK [3][-]{subsubsection.5.14.2.3}{\376\377\0005\000.\0001\0004\000.\0002\000.\0003\000\040\000f\000i\000n\000d\000B\000y\000C\000a\000i\000m\000a\000n\000T\000o\000k\000e\000n\000\050\000\051}{subsection.5.14.2}% 108
\BOOKMARK [3][-]{subsubsection.5.14.2.4}{\376\377\0005\000.\0001\0004\000.\0002\000.\0004\000\040\000f\000i\000n\000d\000U\000s\000e\000r\000B\000y\000U\000s\000e\000r\000n\000a\000m\000e\000\050\000\051}{subsection.5.14.2}% 109
\BOOKMARK [3][-]{subsubsection.5.14.2.5}{\376\377\0005\000.\0001\0004\000.\0002\000.\0005\000\040\000u\000p\000d\000a\000t\000e\000C\000a\000i\000m\000a\000n\000T\000o\000k\000e\000n\000\050\000\051}{subsection.5.14.2}% 110
\BOOKMARK [1][-]{section.5.15}{\376\377\0005\000.\0001\0005\000\040\000D\000a\000t\000a\000b\000a\000s\000e\000C\000o\000n\000n\000e\000c\000t\000o\000r\000\040\000C\000l\000a\000s\000s\000\040\000R\000e\000f\000e\000r\000e\000n\000c\000e}{chapter.5}% 111
\BOOKMARK [2][-]{subsection.5.15.1}{\376\377\0005\000.\0001\0005\000.\0001\000\040\000C\000o\000n\000s\000t\000r\000u\000c\000t\000o\000r\000\040\000\046\000\040\000D\000e\000s\000t\000r\000u\000c\000t\000o\000r\000\040\000D\000o\000c\000u\000m\000e\000n\000t\000a\000t\000i\000o\000n}{section.5.15}% 112
\BOOKMARK [3][-]{subsubsection.5.15.1.1}{\376\377\0005\000.\0001\0005\000.\0001\000.\0001\000\040\000\137\000\137\000c\000o\000n\000s\000t\000r\000u\000c\000t\000\050\000\051}{subsection.5.15.1}% 113
\BOOKMARK [2][-]{subsection.5.15.2}{\376\377\0005\000.\0001\0005\000.\0002\000\040\000M\000e\000m\000b\000e\000r\000\040\000F\000u\000n\000c\000t\000i\000o\000n\000\040\000D\000o\000c\000u\000m\000e\000n\000t\000a\000t\000i\000o\000n}{section.5.15}% 114
\BOOKMARK [3][-]{subsubsection.5.15.2.1}{\376\377\0005\000.\0001\0005\000.\0002\000.\0001\000\040\000g\000e\000t\000C\000o\000n\000n\000e\000c\000t\000i\000o\000n\000\050\000\051}{subsection.5.15.2}% 115
\BOOKMARK [1][-]{section.5.16}{\376\377\0005\000.\0001\0006\000\040\000D\000o\000t\000e\000n\000v\000\040\000C\000l\000a\000s\000s\000\040\000R\000e\000f\000e\000r\000e\000n\000c\000e}{chapter.5}% 116
\BOOKMARK [2][-]{subsection.5.16.1}{\376\377\0005\000.\0001\0006\000.\0001\000\040\000D\000e\000t\000a\000i\000l\000e\000d\000\040\000D\000e\000s\000c\000r\000i\000p\000t\000i\000o\000n}{section.5.16}% 117
\BOOKMARK [2][-]{subsection.5.16.2}{\376\377\0005\000.\0001\0006\000.\0002\000\040\000C\000o\000n\000s\000t\000r\000u\000c\000t\000o\000r\000\040\000\046\000\040\000D\000e\000s\000t\000r\000u\000c\000t\000o\000r\000\040\000D\000o\000c\000u\000m\000e\000n\000t\000a\000t\000i\000o\000n}{section.5.16}% 118
\BOOKMARK [3][-]{subsubsection.5.16.2.1}{\376\377\0005\000.\0001\0006\000.\0002\000.\0001\000\040\000\137\000\137\000c\000o\000n\000s\000t\000r\000u\000c\000t\000\050\000\051}{subsection.5.16.2}% 119
\BOOKMARK [2][-]{subsection.5.16.3}{\376\377\0005\000.\0001\0006\000.\0003\000\040\000M\000e\000m\000b\000e\000r\000\040\000F\000u\000n\000c\000t\000i\000o\000n\000\040\000D\000o\000c\000u\000m\000e\000n\000t\000a\000t\000i\000o\000n}{section.5.16}% 120
\BOOKMARK [3][-]{subsubsection.5.16.3.1}{\376\377\0005\000.\0001\0006\000.\0003\000.\0001\000\040\000g\000e\000t\000E\000n\000v\000i\000r\000o\000n\000m\000e\000n\000t\000V\000a\000r\000i\000a\000b\000l\000e\000N\000a\000m\000e\000s\000\050\000\051}{subsection.5.16.3}% 121
\BOOKMARK [3][-]{subsubsection.5.16.3.2}{\376\377\0005\000.\0001\0006\000.\0003\000.\0002\000\040\000g\000e\000t\000F\000i\000l\000e\000P\000a\000t\000h\000\050\000\051}{subsection.5.16.3}% 122
\BOOKMARK [3][-]{subsubsection.5.16.3.3}{\376\377\0005\000.\0001\0006\000.\0003\000.\0003\000\040\000l\000o\000a\000d\000\050\000\051}{subsection.5.16.3}% 123
\BOOKMARK [3][-]{subsubsection.5.16.3.4}{\376\377\0005\000.\0001\0006\000.\0003\000.\0004\000\040\000l\000o\000a\000d\000D\000a\000t\000a\000\050\000\051}{subsection.5.16.3}% 124
\BOOKMARK [3][-]{subsubsection.5.16.3.5}{\376\377\0005\000.\0001\0006\000.\0003\000.\0005\000\040\000o\000v\000e\000r\000l\000o\000a\000d\000\050\000\051}{subsection.5.16.3}% 125
\BOOKMARK [3][-]{subsubsection.5.16.3.6}{\376\377\0005\000.\0001\0006\000.\0003\000.\0006\000\040\000r\000e\000q\000u\000i\000r\000e\000d\000\050\000\051}{subsection.5.16.3}% 126
\BOOKMARK [3][-]{subsubsection.5.16.3.7}{\376\377\0005\000.\0001\0006\000.\0003\000.\0007\000\040\000s\000a\000f\000e\000L\000o\000a\000d\000\050\000\051}{subsection.5.16.3}% 127
\BOOKMARK [1][-]{section.5.17}{\376\377\0005\000.\0001\0007\000\040\000E\000x\000c\000e\000p\000t\000i\000o\000n\000I\000n\000t\000e\000r\000f\000a\000c\000e\000\040\000I\000n\000t\000e\000r\000f\000a\000c\000e\000\040\000R\000e\000f\000e\000r\000e\000n\000c\000e}{chapter.5}% 128
\BOOKMARK [2][-]{subsection.5.17.1}{\376\377\0005\000.\0001\0007\000.\0001\000\040\000D\000e\000t\000a\000i\000l\000e\000d\000\040\000D\000e\000s\000c\000r\000i\000p\000t\000i\000o\000n}{section.5.17}% 129
\BOOKMARK [1][-]{section.5.18}{\376\377\0005\000.\0001\0008\000\040\000F\000i\000l\000e\000\040\000C\000l\000a\000s\000s\000\040\000R\000e\000f\000e\000r\000e\000n\000c\000e}{chapter.5}% 130
\BOOKMARK [2][-]{subsection.5.18.1}{\376\377\0005\000.\0001\0008\000.\0001\000\040\000C\000o\000n\000s\000t\000r\000u\000c\000t\000o\000r\000\040\000\046\000\040\000D\000e\000s\000t\000r\000u\000c\000t\000o\000r\000\040\000D\000o\000c\000u\000m\000e\000n\000t\000a\000t\000i\000o\000n}{section.5.18}% 131
\BOOKMARK [3][-]{subsubsection.5.18.1.1}{\376\377\0005\000.\0001\0008\000.\0001\000.\0001\000\040\000\137\000\137\000c\000o\000n\000s\000t\000r\000u\000c\000t\000\050\000\051}{subsection.5.18.1}% 132
\BOOKMARK [1][-]{section.5.19}{\376\377\0005\000.\0001\0009\000\040\000F\000i\000l\000e\000S\000a\000v\000e\000\040\000C\000l\000a\000s\000s\000\040\000R\000e\000f\000e\000r\000e\000n\000c\000e}{chapter.5}% 133
\BOOKMARK [2][-]{subsection.5.19.1}{\376\377\0005\000.\0001\0009\000.\0001\000\040\000C\000o\000n\000s\000t\000r\000u\000c\000t\000o\000r\000\040\000\046\000\040\000D\000e\000s\000t\000r\000u\000c\000t\000o\000r\000\040\000D\000o\000c\000u\000m\000e\000n\000t\000a\000t\000i\000o\000n}{section.5.19}% 134
\BOOKMARK [3][-]{subsubsection.5.19.1.1}{\376\377\0005\000.\0001\0009\000.\0001\000.\0001\000\040\000\137\000\137\000c\000o\000n\000s\000t\000r\000u\000c\000t\000\050\000\051}{subsection.5.19.1}% 135
\BOOKMARK [1][-]{section.5.20}{\376\377\0005\000.\0002\0000\000\040\000G\000a\000m\000e\000\040\000C\000l\000a\000s\000s\000\040\000R\000e\000f\000e\000r\000e\000n\000c\000e}{chapter.5}% 136
\BOOKMARK [2][-]{subsection.5.20.1}{\376\377\0005\000.\0002\0000\000.\0001\000\040\000C\000o\000n\000s\000t\000r\000u\000c\000t\000o\000r\000\040\000\046\000\040\000D\000e\000s\000t\000r\000u\000c\000t\000o\000r\000\040\000D\000o\000c\000u\000m\000e\000n\000t\000a\000t\000i\000o\000n}{section.5.20}% 137
\BOOKMARK [3][-]{subsubsection.5.20.1.1}{\376\377\0005\000.\0002\0000\000.\0001\000.\0001\000\040\000\137\000\137\000c\000o\000n\000s\000t\000r\000u\000c\000t\000\050\000\051}{subsection.5.20.1}% 138
\BOOKMARK [1][-]{section.5.21}{\376\377\0005\000.\0002\0001\000\040\000G\000a\000m\000e\000C\000o\000n\000t\000r\000o\000l\000l\000e\000r\000\040\000C\000l\000a\000s\000s\000\040\000R\000e\000f\000e\000r\000e\000n\000c\000e}{chapter.5}% 139
\BOOKMARK [2][-]{subsection.5.21.1}{\376\377\0005\000.\0002\0001\000.\0001\000\040\000C\000o\000n\000s\000t\000r\000u\000c\000t\000o\000r\000\040\000\046\000\040\000D\000e\000s\000t\000r\000u\000c\000t\000o\000r\000\040\000D\000o\000c\000u\000m\000e\000n\000t\000a\000t\000i\000o\000n}{section.5.21}% 140
\BOOKMARK [3][-]{subsubsection.5.21.1.1}{\376\377\0005\000.\0002\0001\000.\0001\000.\0001\000\040\000\137\000\137\000c\000o\000n\000s\000t\000r\000u\000c\000t\000\050\000\051}{subsection.5.21.1}% 141
\BOOKMARK [2][-]{subsection.5.21.2}{\376\377\0005\000.\0002\0001\000.\0002\000\040\000M\000e\000m\000b\000e\000r\000\040\000F\000u\000n\000c\000t\000i\000o\000n\000\040\000D\000o\000c\000u\000m\000e\000n\000t\000a\000t\000i\000o\000n}{section.5.21}% 142
\BOOKMARK [3][-]{subsubsection.5.21.2.1}{\376\377\0005\000.\0002\0001\000.\0002\000.\0001\000\040\000a\000d\000d\000G\000a\000m\000e\000T\000o\000F\000a\000v\000o\000r\000i\000t\000e\000\050\000\051}{subsection.5.21.2}% 143
\BOOKMARK [3][-]{subsubsection.5.21.2.2}{\376\377\0005\000.\0002\0001\000.\0002\000.\0002\000\040\000a\000d\000d\000O\000n\000e\000M\000I\000n\000u\000t\000e\000T\000o\000G\000a\000m\000e\000T\000i\000m\000e\000\050\000\051}{subsection.5.21.2}% 144
\BOOKMARK [3][-]{subsubsection.5.21.2.3}{\376\377\0005\000.\0002\0001\000.\0002\000.\0003\000\040\000A\000d\000d\000S\000a\000v\000e\000\050\000\051}{subsection.5.21.2}% 145
\BOOKMARK [3][-]{subsubsection.5.21.2.4}{\376\377\0005\000.\0002\0001\000.\0002\000.\0004\000\040\000c\000h\000e\000c\000k\000I\000f\000G\000a\000m\000e\000F\000a\000v\000o\000r\000i\000t\000e\000\050\000\051}{subsection.5.21.2}% 146
\BOOKMARK [3][-]{subsubsection.5.21.2.5}{\376\377\0005\000.\0002\0001\000.\0002\000.\0005\000\040\000g\000e\000t\000A\000l\000l\000G\000a\000m\000e\000s\000\050\000\051}{subsection.5.21.2}% 147
\BOOKMARK [3][-]{subsubsection.5.21.2.6}{\376\377\0005\000.\0002\0001\000.\0002\000.\0006\000\040\000g\000e\000t\000C\000o\000n\000s\000o\000l\000e\000\050\000\051}{subsection.5.21.2}% 148
\BOOKMARK [3][-]{subsubsection.5.21.2.7}{\376\377\0005\000.\0002\0001\000.\0002\000.\0007\000\040\000g\000e\000t\000F\000a\000v\000o\000r\000i\000t\000e\000G\000a\000m\000e\000O\000f\000U\000s\000e\000r\000\050\000\051}{subsection.5.21.2}% 149
\BOOKMARK [3][-]{subsubsection.5.21.2.8}{\376\377\0005\000.\0002\0001\000.\0002\000.\0008\000\040\000g\000e\000t\000F\000i\000l\000e\000N\000a\000m\000e\000\050\000\051}{subsection.5.21.2}% 150
\BOOKMARK [3][-]{subsubsection.5.21.2.9}{\376\377\0005\000.\0002\0001\000.\0002\000.\0009\000\040\000g\000e\000t\000G\000a\000m\000e\000\050\000\051}{subsection.5.21.2}% 151
\BOOKMARK [3][-]{subsubsection.5.21.2.10}{\376\377\0005\000.\0002\0001\000.\0002\000.\0001\0000\000\040\000g\000e\000t\000G\000a\000m\000e\000F\000r\000o\000m\000C\000a\000t\000e\000g\000o\000r\000y\000\050\000\051}{subsection.5.21.2}% 152
\BOOKMARK [3][-]{subsubsection.5.21.2.11}{\376\377\0005\000.\0002\0001\000.\0002\000.\0001\0001\000\040\000g\000e\000t\000G\000a\000m\000e\000s\000F\000r\000o\000m\000N\000a\000m\000e\000\050\000\051}{subsection.5.21.2}% 153
\BOOKMARK [3][-]{subsubsection.5.21.2.12}{\376\377\0005\000.\0002\0001\000.\0002\000.\0001\0002\000\040\000g\000e\000t\000T\000i\000m\000e\000G\000a\000m\000e\000s\000\050\000\051}{subsection.5.21.2}% 154
\BOOKMARK [3][-]{subsubsection.5.21.2.13}{\376\377\0005\000.\0002\0001\000.\0002\000.\0001\0003\000\040\000g\000e\000t\000T\000i\000m\000e\000P\000l\000a\000y\000e\000d\000\050\000\051}{subsection.5.21.2}% 155
\BOOKMARK [3][-]{subsubsection.5.21.2.14}{\376\377\0005\000.\0002\0001\000.\0002\000.\0001\0004\000\040\000g\000e\000t\000U\000R\000L\000\050\000\051}{subsection.5.21.2}% 156
\BOOKMARK [3][-]{subsubsection.5.21.2.15}{\376\377\0005\000.\0002\0001\000.\0002\000.\0001\0005\000\040\000g\000e\000t\000U\000R\000L\000S\000a\000v\000e\000\050\000\051}{subsection.5.21.2}% 157
\BOOKMARK [3][-]{subsubsection.5.21.2.16}{\376\377\0005\000.\0002\0001\000.\0002\000.\0001\0006\000\040\000r\000e\000m\000o\000v\000e\000G\000a\000m\000e\000F\000r\000o\000m\000F\000a\000v\000o\000r\000i\000t\000e\000\050\000\051}{subsection.5.21.2}% 158
\BOOKMARK [1][-]{section.5.22}{\376\377\0005\000.\0002\0002\000\040\000H\000e\000l\000p\000e\000r\000C\000o\000n\000t\000r\000o\000l\000l\000e\000r\000\040\000C\000l\000a\000s\000s\000\040\000R\000e\000f\000e\000r\000e\000n\000c\000e}{chapter.5}% 159
\BOOKMARK [2][-]{subsection.5.22.1}{\376\377\0005\000.\0002\0002\000.\0001\000\040\000M\000e\000m\000b\000e\000r\000\040\000F\000u\000n\000c\000t\000i\000o\000n\000\040\000D\000o\000c\000u\000m\000e\000n\000t\000a\000t\000i\000o\000n}{section.5.22}% 160
\BOOKMARK [3][-]{subsubsection.5.22.1.1}{\376\377\0005\000.\0002\0002\000.\0001\000.\0001\000\040\000g\000e\000n\000e\000r\000a\000t\000e\000A\000p\000i\000T\000o\000k\000e\000n\000\050\000\051}{subsection.5.22.1}% 161
\BOOKMARK [3][-]{subsubsection.5.22.1.2}{\376\377\0005\000.\0002\0002\000.\0001\000.\0002\000\040\000g\000e\000n\000e\000r\000a\000t\000e\000R\000a\000n\000d\000o\000m\000S\000t\000r\000i\000n\000g\000\050\000\051}{subsection.5.22.1}% 162
\BOOKMARK [3][-]{subsubsection.5.22.1.3}{\376\377\0005\000.\0002\0002\000.\0001\000.\0003\000\040\000g\000e\000t\000D\000e\000f\000a\000u\000l\000t\000D\000i\000r\000e\000c\000t\000o\000r\000y\000\050\000\051}{subsection.5.22.1}% 163
\BOOKMARK [3][-]{subsubsection.5.22.1.4}{\376\377\0005\000.\0002\0002\000.\0001\000.\0004\000\040\000p\000n\000g\000T\000o\000j\000p\000e\000g\000C\000o\000n\000v\000e\000r\000t\000e\000r\000\050\000\051}{subsection.5.22.1}% 164
\BOOKMARK [3][-]{subsubsection.5.22.1.5}{\376\377\0005\000.\0002\0002\000.\0001\000.\0005\000\040\000s\000e\000n\000d\000M\000a\000i\000l\000\050\000\051}{subsection.5.22.1}% 165
\BOOKMARK [3][-]{subsubsection.5.22.1.6}{\376\377\0005\000.\0002\0002\000.\0001\000.\0006\000\040\000s\000t\000o\000r\000e\000C\000o\000n\000d\000i\000t\000i\000o\000n\000s\000R\000e\000g\000i\000s\000t\000r\000a\000t\000i\000o\000n\000\050\000\051}{subsection.5.22.1}% 166
\BOOKMARK [3][-]{subsubsection.5.22.1.7}{\376\377\0005\000.\0002\0002\000.\0001\000.\0007\000\040\000v\000a\000l\000i\000d\000a\000t\000e\000C\000h\000o\000r\000n\000o\000l\000o\000g\000i\000c\000a\000l\000T\000i\000m\000e\000\050\000\051}{subsection.5.22.1}% 167
\BOOKMARK [3][-]{subsubsection.5.22.1.8}{\376\377\0005\000.\0002\0002\000.\0001\000.\0008\000\040\000v\000a\000l\000i\000d\000a\000t\000e\000C\000o\000d\000e\000D\000a\000y\000F\000o\000r\000m\000a\000t\000\050\000\051}{subsection.5.22.1}% 168
\BOOKMARK [3][-]{subsubsection.5.22.1.9}{\376\377\0005\000.\0002\0002\000.\0001\000.\0009\000\040\000v\000a\000l\000i\000d\000a\000t\000e\000D\000a\000t\000e\000F\000o\000r\000m\000a\000t\000\050\000\051}{subsection.5.22.1}% 169
\BOOKMARK [3][-]{subsubsection.5.22.1.10}{\376\377\0005\000.\0002\0002\000.\0001\000.\0001\0000\000\040\000v\000a\000l\000i\000d\000a\000t\000e\000D\000a\000t\000e\000T\000i\000m\000e\000F\000o\000r\000m\000a\000t\000\050\000\051}{subsection.5.22.1}% 170
\BOOKMARK [3][-]{subsubsection.5.22.1.11}{\376\377\0005\000.\0002\0002\000.\0001\000.\0001\0001\000\040\000v\000a\000l\000i\000d\000a\000t\000e\000D\000o\000c\000u\000m\000e\000n\000t\000T\000y\000p\000e\000F\000o\000r\000m\000a\000t\000\050\000\051}{subsection.5.22.1}% 171
\BOOKMARK [3][-]{subsubsection.5.22.1.12}{\376\377\0005\000.\0002\0002\000.\0001\000.\0001\0002\000\040\000v\000a\000l\000i\000d\000a\000t\000e\000E\000m\000a\000i\000l\000F\000o\000r\000m\000a\000t\000\050\000\051}{subsection.5.22.1}% 172
\BOOKMARK [3][-]{subsubsection.5.22.1.13}{\376\377\0005\000.\0002\0002\000.\0001\000.\0001\0003\000\040\000v\000a\000l\000i\000d\000a\000t\000e\000P\000a\000c\000k\000a\000g\000e\000N\000u\000m\000b\000e\000r\000\050\000\051}{subsection.5.22.1}% 173
\BOOKMARK [3][-]{subsubsection.5.22.1.14}{\376\377\0005\000.\0002\0002\000.\0001\000.\0001\0004\000\040\000v\000a\000l\000i\000d\000a\000t\000e\000T\000i\000m\000e\000F\000o\000r\000m\000a\000t\000\050\000\051}{subsection.5.22.1}% 174
\BOOKMARK [1][-]{section.5.23}{\376\377\0005\000.\0002\0003\000\040\000I\000n\000s\000t\000a\000l\000l\000e\000d\000V\000e\000r\000s\000i\000o\000n\000s\000\040\000C\000l\000a\000s\000s\000\040\000R\000e\000f\000e\000r\000e\000n\000c\000e}{chapter.5}% 175
\BOOKMARK [1][-]{section.5.24}{\376\377\0005\000.\0002\0004\000\040\000I\000n\000v\000a\000l\000i\000d\000C\000a\000l\000l\000b\000a\000c\000k\000E\000x\000c\000e\000p\000t\000i\000o\000n\000\040\000C\000l\000a\000s\000s\000\040\000R\000e\000f\000e\000r\000e\000n\000c\000e}{chapter.5}% 176
\BOOKMARK [2][-]{subsection.5.24.1}{\376\377\0005\000.\0002\0004\000.\0001\000\040\000D\000e\000t\000a\000i\000l\000e\000d\000\040\000D\000e\000s\000c\000r\000i\000p\000t\000i\000o\000n}{section.5.24}% 177
\BOOKMARK [1][-]{section.5.25}{\376\377\0005\000.\0002\0005\000\040\000I\000n\000v\000a\000l\000i\000d\000F\000i\000l\000e\000E\000x\000c\000e\000p\000t\000i\000o\000n\000\040\000C\000l\000a\000s\000s\000\040\000R\000e\000f\000e\000r\000e\000n\000c\000e}{chapter.5}% 178
\BOOKMARK [2][-]{subsection.5.25.1}{\376\377\0005\000.\0002\0005\000.\0001\000\040\000D\000e\000t\000a\000i\000l\000e\000d\000\040\000D\000e\000s\000c\000r\000i\000p\000t\000i\000o\000n}{section.5.25}% 179
\BOOKMARK [1][-]{section.5.26}{\376\377\0005\000.\0002\0006\000\040\000I\000n\000v\000a\000l\000i\000d\000P\000a\000t\000h\000E\000x\000c\000e\000p\000t\000i\000o\000n\000\040\000C\000l\000a\000s\000s\000\040\000R\000e\000f\000e\000r\000e\000n\000c\000e}{chapter.5}% 180
\BOOKMARK [2][-]{subsection.5.26.1}{\376\377\0005\000.\0002\0006\000.\0001\000\040\000D\000e\000t\000a\000i\000l\000e\000d\000\040\000D\000e\000s\000c\000r\000i\000p\000t\000i\000o\000n}{section.5.26}% 181
\BOOKMARK [1][-]{section.5.27}{\376\377\0005\000.\0002\0007\000\040\000L\000o\000a\000d\000e\000r\000\040\000C\000l\000a\000s\000s\000\040\000R\000e\000f\000e\000r\000e\000n\000c\000e}{chapter.5}% 182
\BOOKMARK [2][-]{subsection.5.27.1}{\376\377\0005\000.\0002\0007\000.\0001\000\040\000D\000e\000t\000a\000i\000l\000e\000d\000\040\000D\000e\000s\000c\000r\000i\000p\000t\000i\000o\000n}{section.5.27}% 183
\BOOKMARK [2][-]{subsection.5.27.2}{\376\377\0005\000.\0002\0007\000.\0002\000\040\000C\000o\000n\000s\000t\000r\000u\000c\000t\000o\000r\000\040\000\046\000\040\000D\000e\000s\000t\000r\000u\000c\000t\000o\000r\000\040\000D\000o\000c\000u\000m\000e\000n\000t\000a\000t\000i\000o\000n}{section.5.27}% 184
\BOOKMARK [3][-]{subsubsection.5.27.2.1}{\376\377\0005\000.\0002\0007\000.\0002\000.\0001\000\040\000\137\000\137\000c\000o\000n\000s\000t\000r\000u\000c\000t\000\050\000\051}{subsection.5.27.2}% 185
\BOOKMARK [2][-]{subsection.5.27.3}{\376\377\0005\000.\0002\0007\000.\0003\000\040\000M\000e\000m\000b\000e\000r\000\040\000F\000u\000n\000c\000t\000i\000o\000n\000\040\000D\000o\000c\000u\000m\000e\000n\000t\000a\000t\000i\000o\000n}{section.5.27}% 186
\BOOKMARK [3][-]{subsubsection.5.27.3.1}{\376\377\0005\000.\0002\0007\000.\0003\000.\0001\000\040\000c\000l\000e\000a\000r\000E\000n\000v\000i\000r\000o\000n\000m\000e\000n\000t\000V\000a\000r\000i\000a\000b\000l\000e\000\050\000\051}{subsection.5.27.3}% 187
\BOOKMARK [3][-]{subsubsection.5.27.3.2}{\376\377\0005\000.\0002\0007\000.\0003\000.\0002\000\040\000e\000n\000s\000u\000r\000e\000F\000i\000l\000e\000I\000s\000R\000e\000a\000d\000a\000b\000l\000e\000\050\000\051}{subsection.5.27.3}% 188
\BOOKMARK [3][-]{subsubsection.5.27.3.3}{\376\377\0005\000.\0002\0007\000.\0003\000.\0003\000\040\000g\000e\000t\000E\000n\000v\000i\000r\000o\000n\000m\000e\000n\000t\000V\000a\000r\000i\000a\000b\000l\000e\000\050\000\051}{subsection.5.27.3}% 189
\BOOKMARK [3][-]{subsubsection.5.27.3.4}{\376\377\0005\000.\0002\0007\000.\0003\000.\0004\000\040\000g\000e\000t\000I\000m\000m\000u\000t\000a\000b\000l\000e\000\050\000\051}{subsection.5.27.3}% 190
\BOOKMARK [3][-]{subsubsection.5.27.3.5}{\376\377\0005\000.\0002\0007\000.\0003\000.\0005\000\040\000i\000s\000C\000o\000m\000m\000e\000n\000t\000\050\000\051}{subsection.5.27.3}% 191
\BOOKMARK [3][-]{subsubsection.5.27.3.6}{\376\377\0005\000.\0002\0007\000.\0003\000.\0006\000\040\000l\000o\000a\000d\000\050\000\051}{subsection.5.27.3}% 192
\BOOKMARK [3][-]{subsubsection.5.27.3.7}{\376\377\0005\000.\0002\0007\000.\0003\000.\0007\000\040\000l\000o\000o\000k\000s\000L\000i\000k\000e\000S\000e\000t\000t\000e\000r\000\050\000\051}{subsection.5.27.3}% 193
\BOOKMARK [3][-]{subsubsection.5.27.3.8}{\376\377\0005\000.\0002\0007\000.\0003\000.\0008\000\040\000n\000o\000r\000m\000a\000l\000i\000s\000e\000E\000n\000v\000i\000r\000o\000n\000m\000e\000n\000t\000V\000a\000r\000i\000a\000b\000l\000e\000\050\000\051}{subsection.5.27.3}% 194
\BOOKMARK [3][-]{subsubsection.5.27.3.9}{\376\377\0005\000.\0002\0007\000.\0003\000.\0009\000\040\000p\000r\000o\000c\000e\000s\000s\000F\000i\000l\000t\000e\000r\000s\000\050\000\051}{subsection.5.27.3}% 195
\BOOKMARK [3][-]{subsubsection.5.27.3.10}{\376\377\0005\000.\0002\0007\000.\0003\000.\0001\0000\000\040\000r\000e\000a\000d\000L\000i\000n\000e\000s\000F\000r\000o\000m\000F\000i\000l\000e\000\050\000\051}{subsection.5.27.3}% 196
\BOOKMARK [3][-]{subsubsection.5.27.3.11}{\376\377\0005\000.\0002\0007\000.\0003\000.\0001\0001\000\040\000r\000e\000s\000o\000l\000v\000e\000N\000e\000s\000t\000e\000d\000V\000a\000r\000i\000a\000b\000l\000e\000s\000\050\000\051}{subsection.5.27.3}% 197
\BOOKMARK [3][-]{subsubsection.5.27.3.12}{\376\377\0005\000.\0002\0007\000.\0003\000.\0001\0002\000\040\000s\000a\000n\000i\000t\000i\000s\000e\000V\000a\000r\000i\000a\000b\000l\000e\000N\000a\000m\000e\000\050\000\051}{subsection.5.27.3}% 198
\BOOKMARK [3][-]{subsubsection.5.27.3.13}{\376\377\0005\000.\0002\0007\000.\0003\000.\0001\0003\000\040\000s\000a\000n\000i\000t\000i\000s\000e\000V\000a\000r\000i\000a\000b\000l\000e\000V\000a\000l\000u\000e\000\050\000\051}{subsection.5.27.3}% 199
\BOOKMARK [3][-]{subsubsection.5.27.3.14}{\376\377\0005\000.\0002\0007\000.\0003\000.\0001\0004\000\040\000s\000e\000t\000E\000n\000v\000i\000r\000o\000n\000m\000e\000n\000t\000V\000a\000r\000i\000a\000b\000l\000e\000\050\000\051}{subsection.5.27.3}% 200
\BOOKMARK [3][-]{subsubsection.5.27.3.15}{\376\377\0005\000.\0002\0007\000.\0003\000.\0001\0005\000\040\000s\000e\000t\000I\000m\000m\000u\000t\000a\000b\000l\000e\000\050\000\051}{subsection.5.27.3}% 201
\BOOKMARK [3][-]{subsubsection.5.27.3.16}{\376\377\0005\000.\0002\0007\000.\0003\000.\0001\0006\000\040\000s\000p\000l\000i\000t\000C\000o\000m\000p\000o\000u\000n\000d\000S\000t\000r\000i\000n\000g\000I\000n\000t\000o\000P\000a\000r\000t\000s\000\050\000\051}{subsection.5.27.3}% 202
\BOOKMARK [1][-]{section.5.28}{\376\377\0005\000.\0002\0008\000\040\000P\000a\000r\000s\000e\000r\000\040\000C\000l\000a\000s\000s\000\040\000R\000e\000f\000e\000r\000e\000n\000c\000e}{chapter.5}% 203
\BOOKMARK [2][-]{subsection.5.28.1}{\376\377\0005\000.\0002\0008\000.\0001\000\040\000M\000e\000m\000b\000e\000r\000\040\000F\000u\000n\000c\000t\000i\000o\000n\000\040\000D\000o\000c\000u\000m\000e\000n\000t\000a\000t\000i\000o\000n}{section.5.28}% 204
\BOOKMARK [3][-]{subsubsection.5.28.1.1}{\376\377\0005\000.\0002\0008\000.\0001\000.\0001\000\040\000p\000a\000r\000s\000e\000N\000a\000m\000e\000\050\000\051}{subsection.5.28.1}% 205
\BOOKMARK [3][-]{subsubsection.5.28.1.2}{\376\377\0005\000.\0002\0008\000.\0001\000.\0002\000\040\000p\000a\000r\000s\000e\000Q\000u\000o\000t\000e\000d\000V\000a\000l\000u\000e\000\050\000\051}{subsection.5.28.1}% 206
\BOOKMARK [3][-]{subsubsection.5.28.1.3}{\376\377\0005\000.\0002\0008\000.\0001\000.\0003\000\040\000p\000a\000r\000s\000e\000U\000n\000q\000u\000o\000t\000e\000d\000V\000a\000l\000u\000e\000\050\000\051}{subsection.5.28.1}% 207
\BOOKMARK [3][-]{subsubsection.5.28.1.4}{\376\377\0005\000.\0002\0008\000.\0001\000.\0004\000\040\000p\000a\000r\000s\000e\000V\000a\000l\000u\000e\000\050\000\051}{subsection.5.28.1}% 208
\BOOKMARK [1][-]{section.5.29}{\376\377\0005\000.\0002\0009\000\040\000R\000e\000s\000p\000o\000n\000s\000e\000C\000o\000n\000t\000r\000o\000l\000l\000e\000r\000\040\000C\000l\000a\000s\000s\000\040\000R\000e\000f\000e\000r\000e\000n\000c\000e}{chapter.5}% 209
\BOOKMARK [2][-]{subsection.5.29.1}{\376\377\0005\000.\0002\0009\000.\0001\000\040\000M\000e\000m\000b\000e\000r\000\040\000F\000u\000n\000c\000t\000i\000o\000n\000\040\000D\000o\000c\000u\000m\000e\000n\000t\000a\000t\000i\000o\000n}{section.5.29}% 210
\BOOKMARK [3][-]{subsubsection.5.29.1.1}{\376\377\0005\000.\0002\0009\000.\0001\000.\0001\000\040\000c\000h\000r\000o\000n\000o\000l\000o\000g\000i\000c\000a\000l\000D\000a\000t\000e\000P\000r\000o\000b\000l\000e\000m\000\050\000\051}{subsection.5.29.1}% 211
\BOOKMARK [3][-]{subsubsection.5.29.1.2}{\376\377\0005\000.\0002\0009\000.\0001\000.\0002\000\040\000d\000a\000t\000e\000O\000v\000e\000r\000l\000a\000p\000P\000r\000o\000b\000l\000e\000m\000\050\000\051}{subsection.5.29.1}% 212
\BOOKMARK [3][-]{subsubsection.5.29.1.3}{\376\377\0005\000.\0002\0009\000.\0001\000.\0003\000\040\000d\000o\000c\000u\000m\000e\000n\000t\000T\000y\000p\000e\000N\000o\000t\000P\000d\000f\000P\000r\000o\000b\000l\000e\000m\000\050\000\051}{subsection.5.29.1}% 213
\BOOKMARK [3][-]{subsubsection.5.29.1.4}{\376\377\0005\000.\0002\0009\000.\0001\000.\0004\000\040\000i\000m\000a\000g\000e\000F\000i\000l\000e\000F\000o\000r\000m\000a\000t\000P\000r\000o\000b\000l\000e\000m\000\050\000\051}{subsection.5.29.1}% 214
\BOOKMARK [3][-]{subsubsection.5.29.1.5}{\376\377\0005\000.\0002\0009\000.\0001\000.\0005\000\040\000i\000n\000v\000a\000l\000i\000d\000A\000p\000p\000o\000i\000n\000t\000m\000e\000n\000t\000\050\000\051}{subsection.5.29.1}% 215
\BOOKMARK [3][-]{subsubsection.5.29.1.6}{\376\377\0005\000.\0002\0009\000.\0001\000.\0006\000\040\000i\000n\000v\000a\000l\000i\000d\000C\000o\000d\000e\000D\000a\000y\000F\000o\000r\000m\000a\000t\000\050\000\051}{subsection.5.29.1}% 216
\BOOKMARK [3][-]{subsubsection.5.29.1.7}{\376\377\0005\000.\0002\0009\000.\0001\000.\0007\000\040\000i\000n\000v\000a\000l\000i\000d\000D\000a\000t\000e\000F\000o\000r\000m\000a\000t\000\050\000\051}{subsection.5.29.1}% 217
\BOOKMARK [3][-]{subsubsection.5.29.1.8}{\376\377\0005\000.\0002\0009\000.\0001\000.\0008\000\040\000i\000n\000v\000a\000l\000i\000d\000D\000a\000t\000e\000T\000i\000m\000e\000F\000o\000r\000m\000a\000t\000\050\000\051}{subsection.5.29.1}% 218
\BOOKMARK [3][-]{subsubsection.5.29.1.9}{\376\377\0005\000.\0002\0009\000.\0001\000.\0009\000\040\000i\000n\000v\000a\000l\000i\000d\000D\000o\000c\000u\000m\000e\000n\000t\000T\000y\000p\000e\000F\000o\000r\000m\000a\000t\000\050\000\051}{subsection.5.29.1}% 219
\BOOKMARK [3][-]{subsubsection.5.29.1.10}{\376\377\0005\000.\0002\0009\000.\0001\000.\0001\0000\000\040\000i\000n\000v\000a\000l\000i\000d\000E\000m\000a\000i\000l\000F\000o\000r\000m\000a\000t\000\050\000\051}{subsection.5.29.1}% 220
\BOOKMARK [3][-]{subsubsection.5.29.1.11}{\376\377\0005\000.\0002\0009\000.\0001\000.\0001\0001\000\040\000i\000n\000v\000a\000l\000i\000d\000L\000o\000g\000i\000n\000\050\000\051}{subsection.5.29.1}% 221
\BOOKMARK [3][-]{subsubsection.5.29.1.12}{\376\377\0005\000.\0002\0009\000.\0001\000.\0001\0002\000\040\000i\000n\000v\000a\000l\000i\000d\000T\000i\000m\000e\000F\000o\000r\000m\000a\000t\000\050\000\051}{subsection.5.29.1}% 222
\BOOKMARK [3][-]{subsubsection.5.29.1.13}{\376\377\0005\000.\0002\0009\000.\0001\000.\0001\0003\000\040\000n\000o\000t\000F\000o\000u\000n\000d\000A\000u\000t\000h\000o\000r\000i\000z\000a\000t\000i\000o\000n\000H\000e\000a\000d\000e\000r\000\050\000\051}{subsection.5.29.1}% 223
\BOOKMARK [3][-]{subsubsection.5.29.1.14}{\376\377\0005\000.\0002\0009\000.\0001\000.\0001\0004\000\040\000n\000o\000t\000F\000o\000u\000n\000d\000R\000e\000s\000p\000o\000n\000s\000e\000\050\000\051}{subsection.5.29.1}% 224
\BOOKMARK [3][-]{subsubsection.5.29.1.15}{\376\377\0005\000.\0002\0009\000.\0001\000.\0001\0005\000\040\000p\000a\000c\000k\000a\000g\000e\000N\000u\000m\000b\000e\000r\000F\000o\000r\000m\000a\000t\000P\000r\000o\000b\000l\000e\000m\000\050\000\051}{subsection.5.29.1}% 225
\BOOKMARK [3][-]{subsubsection.5.29.1.16}{\376\377\0005\000.\0002\0009\000.\0001\000.\0001\0006\000\040\000p\000e\000r\000m\000a\000n\000e\000n\000t\000S\000c\000h\000e\000d\000u\000l\000e\000A\000l\000r\000e\000a\000d\000y\000E\000x\000i\000s\000t\000\050\000\051}{subsection.5.29.1}% 226
\BOOKMARK [3][-]{subsubsection.5.29.1.17}{\376\377\0005\000.\0002\0009\000.\0001\000.\0001\0007\000\040\000s\000u\000c\000c\000e\000s\000s\000f\000u\000l\000C\000r\000e\000a\000t\000e\000d\000R\000e\000s\000s\000o\000u\000r\000c\000e\000\050\000\051}{subsection.5.29.1}% 227
\BOOKMARK [3][-]{subsubsection.5.29.1.18}{\376\377\0005\000.\0002\0009\000.\0001\000.\0001\0008\000\040\000s\000u\000c\000c\000e\000s\000s\000f\000u\000l\000R\000e\000q\000u\000e\000s\000t\000\050\000\051}{subsection.5.29.1}% 228
\BOOKMARK [3][-]{subsubsection.5.29.1.19}{\376\377\0005\000.\0002\0009\000.\0001\000.\0001\0009\000\040\000s\000u\000c\000c\000e\000s\000s\000f\000u\000l\000R\000e\000q\000u\000e\000s\000t\000W\000i\000t\000h\000o\000u\000t\000J\000s\000o\000n\000\050\000\051}{subsection.5.29.1}% 229
\BOOKMARK [3][-]{subsubsection.5.29.1.20}{\376\377\0005\000.\0002\0009\000.\0001\000.\0002\0000\000\040\000t\000i\000m\000e\000O\000v\000e\000r\000l\000a\000p\000P\000r\000o\000b\000l\000e\000m\000\050\000\051}{subsection.5.29.1}% 230
\BOOKMARK [3][-]{subsubsection.5.29.1.21}{\376\377\0005\000.\0002\0009\000.\0001\000.\0002\0001\000\040\000u\000n\000a\000u\000t\000h\000o\000r\000i\000z\000e\000d\000U\000s\000e\000r\000\050\000\051}{subsection.5.29.1}% 231
\BOOKMARK [3][-]{subsubsection.5.29.1.22}{\376\377\0005\000.\0002\0009\000.\0001\000.\0002\0002\000\040\000u\000n\000p\000r\000o\000c\000e\000s\000s\000a\000b\000l\000e\000E\000n\000t\000i\000t\000y\000R\000e\000s\000p\000o\000n\000s\000e\000\050\000\051}{subsection.5.29.1}% 232
\BOOKMARK [3][-]{subsubsection.5.29.1.23}{\376\377\0005\000.\0002\0009\000.\0001\000.\0002\0003\000\040\000u\000p\000l\000o\000a\000d\000F\000a\000i\000l\000e\000d\000\050\000\051}{subsection.5.29.1}% 233
\BOOKMARK [1][-]{section.5.30}{\376\377\0005\000.\0003\0000\000\040\000t\000i\000m\000e\000r\000\040\000C\000l\000a\000s\000s\000\040\000R\000e\000f\000e\000r\000e\000n\000c\000e}{chapter.5}% 234
\BOOKMARK [2][-]{subsection.5.30.1}{\376\377\0005\000.\0003\0000\000.\0001\000\040\000C\000o\000n\000s\000t\000r\000u\000c\000t\000o\000r\000\040\000\046\000\040\000D\000e\000s\000t\000r\000u\000c\000t\000o\000r\000\040\000D\000o\000c\000u\000m\000e\000n\000t\000a\000t\000i\000o\000n}{section.5.30}% 235
\BOOKMARK [3][-]{subsubsection.5.30.1.1}{\376\377\0005\000.\0003\0000\000.\0001\000.\0001\000\040\000\137\000\137\000c\000o\000n\000s\000t\000r\000u\000c\000t\000\050\000\051}{subsection.5.30.1}% 236
\BOOKMARK [1][-]{section.5.31}{\376\377\0005\000.\0003\0001\000\040\000U\000s\000e\000r\000\040\000C\000l\000a\000s\000s\000\040\000R\000e\000f\000e\000r\000e\000n\000c\000e}{chapter.5}% 237
\BOOKMARK [2][-]{subsection.5.31.1}{\376\377\0005\000.\0003\0001\000.\0001\000\040\000C\000o\000n\000s\000t\000r\000u\000c\000t\000o\000r\000\040\000\046\000\040\000D\000e\000s\000t\000r\000u\000c\000t\000o\000r\000\040\000D\000o\000c\000u\000m\000e\000n\000t\000a\000t\000i\000o\000n}{section.5.31}% 238
\BOOKMARK [3][-]{subsubsection.5.31.1.1}{\376\377\0005\000.\0003\0001\000.\0001\000.\0001\000\040\000\137\000\137\000c\000o\000n\000s\000t\000r\000u\000c\000t\000\050\000\051}{subsection.5.31.1}% 239
\BOOKMARK [1][-]{section.5.32}{\376\377\0005\000.\0003\0002\000\040\000U\000s\000e\000r\000C\000o\000n\000t\000r\000o\000l\000l\000e\000r\000\040\000C\000l\000a\000s\000s\000\040\000R\000e\000f\000e\000r\000e\000n\000c\000e}{chapter.5}% 240
\BOOKMARK [2][-]{subsection.5.32.1}{\376\377\0005\000.\0003\0002\000.\0001\000\040\000C\000o\000n\000s\000t\000r\000u\000c\000t\000o\000r\000\040\000\046\000\040\000D\000e\000s\000t\000r\000u\000c\000t\000o\000r\000\040\000D\000o\000c\000u\000m\000e\000n\000t\000a\000t\000i\000o\000n}{section.5.32}% 241
\BOOKMARK [3][-]{subsubsection.5.32.1.1}{\376\377\0005\000.\0003\0002\000.\0001\000.\0001\000\040\000\137\000\137\000c\000o\000n\000s\000t\000r\000u\000c\000t\000\050\000\051}{subsection.5.32.1}% 242
\BOOKMARK [2][-]{subsection.5.32.2}{\376\377\0005\000.\0003\0002\000.\0002\000\040\000M\000e\000m\000b\000e\000r\000\040\000F\000u\000n\000c\000t\000i\000o\000n\000\040\000D\000o\000c\000u\000m\000e\000n\000t\000a\000t\000i\000o\000n}{section.5.32}% 243
\BOOKMARK [3][-]{subsubsection.5.32.2.1}{\376\377\0005\000.\0003\0002\000.\0002\000.\0001\000\040\000c\000o\000n\000n\000e\000c\000t\000i\000o\000n\000\050\000\051}{subsection.5.32.2}% 244
\BOOKMARK [3][-]{subsubsection.5.32.2.2}{\376\377\0005\000.\0003\0002\000.\0002\000.\0002\000\040\000f\000i\000n\000d\000B\000y\000C\000a\000i\000m\000a\000n\000T\000o\000k\000e\000n\000\050\000\051}{subsection.5.32.2}% 245
\BOOKMARK [3][-]{subsubsection.5.32.2.3}{\376\377\0005\000.\0003\0002\000.\0002\000.\0003\000\040\000g\000e\000t\000A\000l\000l\000U\000s\000e\000r\000s\000\050\000\051}{subsection.5.32.2}% 246
\BOOKMARK [3][-]{subsubsection.5.32.2.4}{\376\377\0005\000.\0003\0002\000.\0002\000.\0004\000\040\000g\000e\000t\000U\000s\000e\000r\000\050\000\051}{subsection.5.32.2}% 247
\BOOKMARK [3][-]{subsubsection.5.32.2.5}{\376\377\0005\000.\0003\0002\000.\0002\000.\0005\000\040\000u\000p\000d\000a\000t\000e\000C\000a\000i\000m\000a\000n\000T\000o\000k\000e\000n\000\050\000\051}{subsection.5.32.2}% 248
\BOOKMARK [1][-]{section.5.33}{\376\377\0005\000.\0003\0003\000\040\000V\000a\000l\000i\000d\000a\000t\000i\000o\000n\000E\000x\000c\000e\000p\000t\000i\000o\000n\000\040\000C\000l\000a\000s\000s\000\040\000R\000e\000f\000e\000r\000e\000n\000c\000e}{chapter.5}% 249
\BOOKMARK [2][-]{subsection.5.33.1}{\376\377\0005\000.\0003\0003\000.\0001\000\040\000D\000e\000t\000a\000i\000l\000e\000d\000\040\000D\000e\000s\000c\000r\000i\000p\000t\000i\000o\000n}{section.5.33}% 250
\BOOKMARK [1][-]{section.5.34}{\376\377\0005\000.\0003\0004\000\040\000V\000a\000l\000i\000d\000a\000t\000o\000r\000\040\000C\000l\000a\000s\000s\000\040\000R\000e\000f\000e\000r\000e\000n\000c\000e}{chapter.5}% 251
\BOOKMARK [2][-]{subsection.5.34.1}{\376\377\0005\000.\0003\0004\000.\0001\000\040\000D\000e\000t\000a\000i\000l\000e\000d\000\040\000D\000e\000s\000c\000r\000i\000p\000t\000i\000o\000n}{section.5.34}% 252
\BOOKMARK [2][-]{subsection.5.34.2}{\376\377\0005\000.\0003\0004\000.\0002\000\040\000C\000o\000n\000s\000t\000r\000u\000c\000t\000o\000r\000\040\000\046\000\040\000D\000e\000s\000t\000r\000u\000c\000t\000o\000r\000\040\000D\000o\000c\000u\000m\000e\000n\000t\000a\000t\000i\000o\000n}{section.5.34}% 253
\BOOKMARK [3][-]{subsubsection.5.34.2.1}{\376\377\0005\000.\0003\0004\000.\0002\000.\0001\000\040\000\137\000\137\000c\000o\000n\000s\000t\000r\000u\000c\000t\000\050\000\051}{subsection.5.34.2}% 254
\BOOKMARK [2][-]{subsection.5.34.3}{\376\377\0005\000.\0003\0004\000.\0003\000\040\000M\000e\000m\000b\000e\000r\000\040\000F\000u\000n\000c\000t\000i\000o\000n\000\040\000D\000o\000c\000u\000m\000e\000n\000t\000a\000t\000i\000o\000n}{section.5.34}% 255
\BOOKMARK [3][-]{subsubsection.5.34.3.1}{\376\377\0005\000.\0003\0004\000.\0003\000.\0001\000\040\000a\000l\000l\000o\000w\000e\000d\000V\000a\000l\000u\000e\000s\000\050\000\051}{subsection.5.34.3}% 256
\BOOKMARK [3][-]{subsubsection.5.34.3.2}{\376\377\0005\000.\0003\0004\000.\0003\000.\0002\000\040\000a\000s\000s\000e\000r\000t\000C\000a\000l\000l\000b\000a\000c\000k\000\050\000\051}{subsection.5.34.3}% 257
\BOOKMARK [3][-]{subsubsection.5.34.3.3}{\376\377\0005\000.\0003\0004\000.\0003\000.\0003\000\040\000i\000s\000B\000o\000o\000l\000e\000a\000n\000\050\000\051}{subsection.5.34.3}% 258
\BOOKMARK [3][-]{subsubsection.5.34.3.4}{\376\377\0005\000.\0003\0004\000.\0003\000.\0004\000\040\000i\000s\000I\000n\000t\000e\000g\000e\000r\000\050\000\051}{subsection.5.34.3}% 259
\BOOKMARK [3][-]{subsubsection.5.34.3.5}{\376\377\0005\000.\0003\0004\000.\0003\000.\0005\000\040\000n\000o\000t\000E\000m\000p\000t\000y\000\050\000\051}{subsection.5.34.3}% 260
\BOOKMARK [0][-]{chapter.6}{\376\377\0006\000\040\000F\000i\000l\000e\000\040\000D\000o\000c\000u\000m\000e\000n\000t\000a\000t\000i\000o\000n}{}% 261
\BOOKMARK [1][-]{section.6.1}{\376\377\0006\000.\0001\000\040\000a\000p\000p\000/\000C\000o\000n\000t\000r\000o\000l\000l\000e\000r\000s\000/\000C\000a\000t\000e\000g\000o\000r\000y\000C\000o\000n\000t\000r\000o\000l\000l\000e\000r\000.\000p\000h\000p\000\040\000F\000i\000l\000e\000\040\000R\000e\000f\000e\000r\000e\000n\000c\000e}{chapter.6}% 262
\BOOKMARK [2][-]{subsection.6.1.1}{\376\377\0006\000.\0001\000.\0001\000\040\000D\000e\000t\000a\000i\000l\000e\000d\000\040\000D\000e\000s\000c\000r\000i\000p\000t\000i\000o\000n}{section.6.1}% 263
\BOOKMARK [3][-]{subsubsection.6.1.1.1}{\376\377\0006\000.\0001\000.\0001\000.\0001\000\040\000B\000D\000C\000C}{subsection.6.1.1}% 264
\BOOKMARK [1][-]{section.6.2}{\376\377\0006\000.\0002\000\040\000a\000p\000p\000/\000C\000o\000n\000t\000r\000o\000l\000l\000e\000r\000s\000/\000G\000a\000m\000e\000C\000o\000n\000t\000r\000o\000l\000l\000e\000r\000.\000p\000h\000p\000\040\000F\000i\000l\000e\000\040\000R\000e\000f\000e\000r\000e\000n\000c\000e}{chapter.6}% 265
\BOOKMARK [2][-]{subsection.6.2.1}{\376\377\0006\000.\0002\000.\0001\000\040\000D\000e\000t\000a\000i\000l\000e\000d\000\040\000D\000e\000s\000c\000r\000i\000p\000t\000i\000o\000n}{section.6.2}% 266
\BOOKMARK [3][-]{subsubsection.6.2.1.1}{\376\377\0006\000.\0002\000.\0001\000.\0001\000\040\000B\000D\000C\000C}{subsection.6.2.1}% 267
\BOOKMARK [1][-]{section.6.3}{\376\377\0006\000.\0003\000\040\000a\000p\000p\000/\000C\000o\000n\000t\000r\000o\000l\000l\000e\000r\000s\000/\000H\000e\000l\000p\000e\000r\000C\000o\000n\000t\000r\000o\000l\000l\000e\000r\000.\000p\000h\000p\000\040\000F\000i\000l\000e\000\040\000R\000e\000f\000e\000r\000e\000n\000c\000e}{chapter.6}% 268
\BOOKMARK [2][-]{subsection.6.3.1}{\376\377\0006\000.\0003\000.\0001\000\040\000D\000e\000t\000a\000i\000l\000e\000d\000\040\000D\000e\000s\000c\000r\000i\000p\000t\000i\000o\000n}{section.6.3}% 269
\BOOKMARK [3][-]{subsubsection.6.3.1.1}{\376\377\0006\000.\0003\000.\0001\000.\0001\000\040\000B\000D\000C\000C}{subsection.6.3.1}% 270
\BOOKMARK [1][-]{section.6.4}{\376\377\0006\000.\0004\000\040\000a\000p\000p\000/\000C\000o\000n\000t\000r\000o\000l\000l\000e\000r\000s\000/\000R\000e\000s\000p\000o\000n\000s\000e\000C\000o\000n\000t\000r\000o\000l\000l\000e\000r\000.\000p\000h\000p\000\040\000F\000i\000l\000e\000\040\000R\000e\000f\000e\000r\000e\000n\000c\000e}{chapter.6}% 271
\BOOKMARK [2][-]{subsection.6.4.1}{\376\377\0006\000.\0004\000.\0001\000\040\000D\000e\000t\000a\000i\000l\000e\000d\000\040\000D\000e\000s\000c\000r\000i\000p\000t\000i\000o\000n}{section.6.4}% 272
\BOOKMARK [3][-]{subsubsection.6.4.1.1}{\376\377\0006\000.\0004\000.\0001\000.\0001\000\040\000B\000D\000C\000C}{subsection.6.4.1}% 273
\BOOKMARK [1][-]{section.6.5}{\376\377\0006\000.\0005\000\040\000a\000p\000p\000/\000C\000o\000n\000t\000r\000o\000l\000l\000e\000r\000s\000/\000U\000s\000e\000r\000C\000o\000n\000t\000r\000o\000l\000l\000e\000r\000.\000p\000h\000p\000\040\000F\000i\000l\000e\000\040\000R\000e\000f\000e\000r\000e\000n\000c\000e}{chapter.6}% 274
\BOOKMARK [2][-]{subsection.6.5.1}{\376\377\0006\000.\0005\000.\0001\000\040\000D\000e\000t\000a\000i\000l\000e\000d\000\040\000D\000e\000s\000c\000r\000i\000p\000t\000i\000o\000n}{section.6.5}% 275
\BOOKMARK [3][-]{subsubsection.6.5.1.1}{\376\377\0006\000.\0005\000.\0001\000.\0001\000\040\000B\000D\000C\000C}{subsection.6.5.1}% 276
\BOOKMARK [1][-]{section.6.6}{\376\377\0006\000.\0006\000\040\000a\000p\000p\000/\000D\000a\000t\000a\000A\000c\000c\000e\000s\000s\000O\000b\000j\000e\000c\000t\000/\000D\000A\000O\000C\000a\000t\000e\000g\000o\000r\000y\000.\000p\000h\000p\000\040\000F\000i\000l\000e\000\040\000R\000e\000f\000e\000r\000e\000n\000c\000e}{chapter.6}% 277
\BOOKMARK [2][-]{subsection.6.6.1}{\376\377\0006\000.\0006\000.\0001\000\040\000D\000e\000t\000a\000i\000l\000e\000d\000\040\000D\000e\000s\000c\000r\000i\000p\000t\000i\000o\000n}{section.6.6}% 278
\BOOKMARK [3][-]{subsubsection.6.6.1.1}{\376\377\0006\000.\0006\000.\0001\000.\0001\000\040\000B\000D\000C\000C}{subsection.6.6.1}% 279
\BOOKMARK [1][-]{section.6.7}{\376\377\0006\000.\0007\000\040\000a\000p\000p\000/\000D\000a\000t\000a\000A\000c\000c\000e\000s\000s\000O\000b\000j\000e\000c\000t\000/\000D\000A\000O\000C\000o\000n\000s\000o\000l\000e\000.\000p\000h\000p\000\040\000F\000i\000l\000e\000\040\000R\000e\000f\000e\000r\000e\000n\000c\000e}{chapter.6}% 280
\BOOKMARK [2][-]{subsection.6.7.1}{\376\377\0006\000.\0007\000.\0001\000\040\000D\000e\000t\000a\000i\000l\000e\000d\000\040\000D\000e\000s\000c\000r\000i\000p\000t\000i\000o\000n}{section.6.7}% 281
\BOOKMARK [3][-]{subsubsection.6.7.1.1}{\376\377\0006\000.\0007\000.\0001\000.\0001\000\040\000B\000D\000C\000C}{subsection.6.7.1}% 282
\BOOKMARK [1][-]{section.6.8}{\376\377\0006\000.\0008\000\040\000a\000p\000p\000/\000D\000a\000t\000a\000A\000c\000c\000e\000s\000s\000O\000b\000j\000e\000c\000t\000/\000D\000A\000O\000F\000i\000l\000e\000.\000p\000h\000p\000\040\000F\000i\000l\000e\000\040\000R\000e\000f\000e\000r\000e\000n\000c\000e}{chapter.6}% 283
\BOOKMARK [2][-]{subsection.6.8.1}{\376\377\0006\000.\0008\000.\0001\000\040\000D\000e\000t\000a\000i\000l\000e\000d\000\040\000D\000e\000s\000c\000r\000i\000p\000t\000i\000o\000n}{section.6.8}% 284
\BOOKMARK [3][-]{subsubsection.6.8.1.1}{\376\377\0006\000.\0008\000.\0001\000.\0001\000\040\000B\000D\000C\000C}{subsection.6.8.1}% 285
\BOOKMARK [1][-]{section.6.9}{\376\377\0006\000.\0009\000\040\000a\000p\000p\000/\000D\000a\000t\000a\000A\000c\000c\000e\000s\000s\000O\000b\000j\000e\000c\000t\000/\000D\000A\000O\000F\000i\000l\000e\000S\000a\000v\000e\000.\000p\000h\000p\000\040\000F\000i\000l\000e\000\040\000R\000e\000f\000e\000r\000e\000n\000c\000e}{chapter.6}% 286
\BOOKMARK [2][-]{subsection.6.9.1}{\376\377\0006\000.\0009\000.\0001\000\040\000D\000e\000t\000a\000i\000l\000e\000d\000\040\000D\000e\000s\000c\000r\000i\000p\000t\000i\000o\000n}{section.6.9}% 287
\BOOKMARK [3][-]{subsubsection.6.9.1.1}{\376\377\0006\000.\0009\000.\0001\000.\0001\000\040\000B\000D\000C\000C}{subsection.6.9.1}% 288
\BOOKMARK [1][-]{section.6.10}{\376\377\0006\000.\0001\0000\000\040\000a\000p\000p\000/\000D\000a\000t\000a\000A\000c\000c\000e\000s\000s\000O\000b\000j\000e\000c\000t\000/\000D\000A\000O\000G\000a\000m\000e\000.\000p\000h\000p\000\040\000F\000i\000l\000e\000\040\000R\000e\000f\000e\000r\000e\000n\000c\000e}{chapter.6}% 289
\BOOKMARK [2][-]{subsection.6.10.1}{\376\377\0006\000.\0001\0000\000.\0001\000\040\000D\000e\000t\000a\000i\000l\000e\000d\000\040\000D\000e\000s\000c\000r\000i\000p\000t\000i\000o\000n}{section.6.10}% 290
\BOOKMARK [3][-]{subsubsection.6.10.1.1}{\376\377\0006\000.\0001\0000\000.\0001\000.\0001\000\040\000B\000D\000C\000C}{subsection.6.10.1}% 291
\BOOKMARK [1][-]{section.6.11}{\376\377\0006\000.\0001\0001\000\040\000a\000p\000p\000/\000D\000a\000t\000a\000A\000c\000c\000e\000s\000s\000O\000b\000j\000e\000c\000t\000/\000D\000A\000O\000U\000s\000e\000r\000.\000p\000h\000p\000\040\000F\000i\000l\000e\000\040\000R\000e\000f\000e\000r\000e\000n\000c\000e}{chapter.6}% 292
\BOOKMARK [2][-]{subsection.6.11.1}{\376\377\0006\000.\0001\0001\000.\0001\000\040\000D\000e\000t\000a\000i\000l\000e\000d\000\040\000D\000e\000s\000c\000r\000i\000p\000t\000i\000o\000n}{section.6.11}% 293
\BOOKMARK [3][-]{subsubsection.6.11.1.1}{\376\377\0006\000.\0001\0001\000.\0001\000.\0001\000\040\000B\000D\000C\000C}{subsection.6.11.1}% 294
\BOOKMARK [1][-]{section.6.12}{\376\377\0006\000.\0001\0002\000\040\000a\000p\000p\000/\000M\000o\000d\000e\000l\000s\000/\000C\000a\000t\000e\000g\000o\000r\000y\000.\000p\000h\000p\000\040\000F\000i\000l\000e\000\040\000R\000e\000f\000e\000r\000e\000n\000c\000e}{chapter.6}% 295
\BOOKMARK [2][-]{subsection.6.12.1}{\376\377\0006\000.\0001\0002\000.\0001\000\040\000D\000e\000t\000a\000i\000l\000e\000d\000\040\000D\000e\000s\000c\000r\000i\000p\000t\000i\000o\000n}{section.6.12}% 296
\BOOKMARK [3][-]{subsubsection.6.12.1.1}{\376\377\0006\000.\0001\0002\000.\0001\000.\0001\000\040\000B\000D\000C\000C}{subsection.6.12.1}% 297
\BOOKMARK [1][-]{section.6.13}{\376\377\0006\000.\0001\0003\000\040\000a\000p\000p\000/\000M\000o\000d\000e\000l\000s\000/\000C\000o\000n\000s\000o\000l\000e\000.\000p\000h\000p\000\040\000F\000i\000l\000e\000\040\000R\000e\000f\000e\000r\000e\000n\000c\000e}{chapter.6}% 298
\BOOKMARK [2][-]{subsection.6.13.1}{\376\377\0006\000.\0001\0003\000.\0001\000\040\000D\000e\000t\000a\000i\000l\000e\000d\000\040\000D\000e\000s\000c\000r\000i\000p\000t\000i\000o\000n}{section.6.13}% 299
\BOOKMARK [3][-]{subsubsection.6.13.1.1}{\376\377\0006\000.\0001\0003\000.\0001\000.\0001\000\040\000B\000D\000C\000C}{subsection.6.13.1}% 300
\BOOKMARK [1][-]{section.6.14}{\376\377\0006\000.\0001\0004\000\040\000a\000p\000p\000/\000M\000o\000d\000e\000l\000s\000/\000F\000i\000l\000e\000.\000p\000h\000p\000\040\000F\000i\000l\000e\000\040\000R\000e\000f\000e\000r\000e\000n\000c\000e}{chapter.6}% 301
\BOOKMARK [2][-]{subsection.6.14.1}{\376\377\0006\000.\0001\0004\000.\0001\000\040\000D\000e\000t\000a\000i\000l\000e\000d\000\040\000D\000e\000s\000c\000r\000i\000p\000t\000i\000o\000n}{section.6.14}% 302
\BOOKMARK [3][-]{subsubsection.6.14.1.1}{\376\377\0006\000.\0001\0004\000.\0001\000.\0001\000\040\000B\000D\000C\000C}{subsection.6.14.1}% 303
\BOOKMARK [1][-]{section.6.15}{\376\377\0006\000.\0001\0005\000\040\000a\000p\000p\000/\000M\000o\000d\000e\000l\000s\000/\000F\000i\000l\000e\000S\000a\000v\000e\000.\000p\000h\000p\000\040\000F\000i\000l\000e\000\040\000R\000e\000f\000e\000r\000e\000n\000c\000e}{chapter.6}% 304
\BOOKMARK [2][-]{subsection.6.15.1}{\376\377\0006\000.\0001\0005\000.\0001\000\040\000D\000e\000t\000a\000i\000l\000e\000d\000\040\000D\000e\000s\000c\000r\000i\000p\000t\000i\000o\000n}{section.6.15}% 305
\BOOKMARK [3][-]{subsubsection.6.15.1.1}{\376\377\0006\000.\0001\0005\000.\0001\000.\0001\000\040\000B\000D\000C\000C}{subsection.6.15.1}% 306
\BOOKMARK [1][-]{section.6.16}{\376\377\0006\000.\0001\0006\000\040\000a\000p\000p\000/\000M\000o\000d\000e\000l\000s\000/\000G\000a\000m\000e\000.\000p\000h\000p\000\040\000F\000i\000l\000e\000\040\000R\000e\000f\000e\000r\000e\000n\000c\000e}{chapter.6}% 307
\BOOKMARK [2][-]{subsection.6.16.1}{\376\377\0006\000.\0001\0006\000.\0001\000\040\000D\000e\000t\000a\000i\000l\000e\000d\000\040\000D\000e\000s\000c\000r\000i\000p\000t\000i\000o\000n}{section.6.16}% 308
\BOOKMARK [3][-]{subsubsection.6.16.1.1}{\376\377\0006\000.\0001\0006\000.\0001\000.\0001\000\040\000B\000D\000C\000C}{subsection.6.16.1}% 309
\BOOKMARK [1][-]{section.6.17}{\376\377\0006\000.\0001\0007\000\040\000a\000p\000p\000/\000M\000o\000d\000e\000l\000s\000/\000T\000i\000m\000e\000r\000.\000p\000h\000p\000\040\000F\000i\000l\000e\000\040\000R\000e\000f\000e\000r\000e\000n\000c\000e}{chapter.6}% 310
\BOOKMARK [2][-]{subsection.6.17.1}{\376\377\0006\000.\0001\0007\000.\0001\000\040\000D\000e\000t\000a\000i\000l\000e\000d\000\040\000D\000e\000s\000c\000r\000i\000p\000t\000i\000o\000n}{section.6.17}% 311
\BOOKMARK [3][-]{subsubsection.6.17.1.1}{\376\377\0006\000.\0001\0007\000.\0001\000.\0001\000\040\000B\000D\000C\000C}{subsection.6.17.1}% 312
\BOOKMARK [1][-]{section.6.18}{\376\377\0006\000.\0001\0008\000\040\000a\000p\000p\000/\000M\000o\000d\000e\000l\000s\000/\000U\000s\000e\000r\000.\000p\000h\000p\000\040\000F\000i\000l\000e\000\040\000R\000e\000f\000e\000r\000e\000n\000c\000e}{chapter.6}% 313
\BOOKMARK [2][-]{subsection.6.18.1}{\376\377\0006\000.\0001\0008\000.\0001\000\040\000D\000e\000t\000a\000i\000l\000e\000d\000\040\000D\000e\000s\000c\000r\000i\000p\000t\000i\000o\000n}{section.6.18}% 314
\BOOKMARK [3][-]{subsubsection.6.18.1.1}{\376\377\0006\000.\0001\0008\000.\0001\000.\0001\000\040\000B\000D\000C\000C}{subsection.6.18.1}% 315
\BOOKMARK [1][-]{section.6.19}{\376\377\0006\000.\0001\0009\000\040\000a\000p\000p\000/\000S\000y\000s\000t\000e\000m\000/\000C\000o\000n\000s\000t\000a\000n\000t\000s\000.\000p\000h\000p\000\040\000F\000i\000l\000e\000\040\000R\000e\000f\000e\000r\000e\000n\000c\000e}{chapter.6}% 316
\BOOKMARK [2][-]{subsection.6.19.1}{\376\377\0006\000.\0001\0009\000.\0001\000\040\000D\000e\000t\000a\000i\000l\000e\000d\000\040\000D\000e\000s\000c\000r\000i\000p\000t\000i\000o\000n}{section.6.19}% 317
\BOOKMARK [3][-]{subsubsection.6.19.1.1}{\376\377\0006\000.\0001\0009\000.\0001\000.\0001\000\040\000B\000D\000C\000C}{subsection.6.19.1}% 318
\BOOKMARK [1][-]{section.6.20}{\376\377\0006\000.\0002\0000\000\040\000a\000p\000p\000/\000S\000y\000s\000t\000e\000m\000/\000D\000a\000t\000a\000b\000a\000s\000e\000C\000o\000n\000n\000e\000c\000t\000o\000r\000.\000p\000h\000p\000\040\000F\000i\000l\000e\000\040\000R\000e\000f\000e\000r\000e\000n\000c\000e}{chapter.6}% 319
\BOOKMARK [2][-]{subsection.6.20.1}{\376\377\0006\000.\0002\0000\000.\0001\000\040\000D\000e\000t\000a\000i\000l\000e\000d\000\040\000D\000e\000s\000c\000r\000i\000p\000t\000i\000o\000n}{section.6.20}% 320
\BOOKMARK [3][-]{subsubsection.6.20.1.1}{\376\377\0006\000.\0002\0000\000.\0001\000.\0001\000\040\000B\000D\000C\000C}{subsection.6.20.1}% 321
\BOOKMARK [1][-]{section.6.21}{\376\377\0006\000.\0002\0001\000\040\000b\000o\000o\000t\000s\000t\000r\000a\000p\000.\000p\000h\000p\000\040\000F\000i\000l\000e\000\040\000R\000e\000f\000e\000r\000e\000n\000c\000e}{chapter.6}% 322
\BOOKMARK [2][-]{subsection.6.21.1}{\376\377\0006\000.\0002\0001\000.\0001\000\040\000D\000e\000t\000a\000i\000l\000e\000d\000\040\000D\000e\000s\000c\000r\000i\000p\000t\000i\000o\000n}{section.6.21}% 323
\BOOKMARK [3][-]{subsubsection.6.21.1.1}{\376\377\0006\000.\0002\0001\000.\0001\000.\0001\000\040\000B\000D\000C\000C}{subsection.6.21.1}% 324
\BOOKMARK [1][-]{section.6.22}{\376\377\0006\000.\0002\0002\000\040\000p\000u\000b\000l\000i\000c\000/\000i\000n\000d\000e\000x\000.\000p\000h\000p\000\040\000F\000i\000l\000e\000\040\000R\000e\000f\000e\000r\000e\000n\000c\000e}{chapter.6}% 325
\BOOKMARK [2][-]{subsection.6.22.1}{\376\377\0006\000.\0002\0002\000.\0001\000\040\000D\000e\000t\000a\000i\000l\000e\000d\000\040\000D\000e\000s\000c\000r\000i\000p\000t\000i\000o\000n}{section.6.22}% 326
\BOOKMARK [3][-]{subsubsection.6.22.1.1}{\376\377\0006\000.\0002\0002\000.\0001\000.\0001\000\040\000B\000D\000C\000C}{subsection.6.22.1}% 327
\BOOKMARK [1][-]{section.6.23}{\376\377\0006\000.\0002\0003\000\040\000p\000u\000b\000l\000i\000c\000/\000p\000a\000g\000e\000s\000/\000c\000a\000t\000e\000g\000o\000r\000i\000e\000s\000/\000i\000n\000d\000e\000x\000.\000p\000h\000p\000\040\000F\000i\000l\000e\000\040\000R\000e\000f\000e\000r\000e\000n\000c\000e}{chapter.6}% 328
\BOOKMARK [2][-]{subsection.6.23.1}{\376\377\0006\000.\0002\0003\000.\0001\000\040\000D\000e\000t\000a\000i\000l\000e\000d\000\040\000D\000e\000s\000c\000r\000i\000p\000t\000i\000o\000n}{section.6.23}% 329
\BOOKMARK [3][-]{subsubsection.6.23.1.1}{\376\377\0006\000.\0002\0003\000.\0001\000.\0001\000\040\000B\000D\000C\000C}{subsection.6.23.1}% 330
\BOOKMARK [1][-]{section.6.24}{\376\377\0006\000.\0002\0004\000\040\000p\000u\000b\000l\000i\000c\000/\000p\000a\000g\000e\000s\000/\000g\000a\000m\000e\000s\000/\000i\000n\000d\000e\000x\000.\000p\000h\000p\000\040\000F\000i\000l\000e\000\040\000R\000e\000f\000e\000r\000e\000n\000c\000e}{chapter.6}% 331
\BOOKMARK [2][-]{subsection.6.24.1}{\376\377\0006\000.\0002\0004\000.\0001\000\040\000D\000e\000t\000a\000i\000l\000e\000d\000\040\000D\000e\000s\000c\000r\000i\000p\000t\000i\000o\000n}{section.6.24}% 332
\BOOKMARK [3][-]{subsubsection.6.24.1.1}{\376\377\0006\000.\0002\0004\000.\0001\000.\0001\000\040\000B\000D\000C\000C}{subsection.6.24.1}% 333
\BOOKMARK [1][-]{section.6.25}{\376\377\0006\000.\0002\0005\000\040\000p\000u\000b\000l\000i\000c\000/\000p\000a\000g\000e\000s\000/\000u\000s\000e\000r\000s\000/\000c\000o\000n\000n\000e\000c\000t\000i\000o\000n\000/\000i\000n\000d\000e\000x\000.\000p\000h\000p\000\040\000F\000i\000l\000e\000\040\000R\000e\000f\000e\000r\000e\000n\000c\000e}{chapter.6}% 334
\BOOKMARK [2][-]{subsection.6.25.1}{\376\377\0006\000.\0002\0005\000.\0001\000\040\000D\000e\000t\000a\000i\000l\000e\000d\000\040\000D\000e\000s\000c\000r\000i\000p\000t\000i\000o\000n}{section.6.25}% 335
\BOOKMARK [3][-]{subsubsection.6.25.1.1}{\376\377\0006\000.\0002\0005\000.\0001\000.\0001\000\040\000B\000D\000C\000C}{subsection.6.25.1}% 336
\BOOKMARK [1][-]{section.6.26}{\376\377\0006\000.\0002\0006\000\040\000p\000u\000b\000l\000i\000c\000/\000p\000a\000g\000e\000s\000/\000u\000s\000e\000r\000s\000/\000i\000n\000d\000e\000x\000.\000p\000h\000p\000\040\000F\000i\000l\000e\000\040\000R\000e\000f\000e\000r\000e\000n\000c\000e}{chapter.6}% 337
\BOOKMARK [2][-]{subsection.6.26.1}{\376\377\0006\000.\0002\0006\000.\0001\000\040\000D\000e\000t\000a\000i\000l\000e\000d\000\040\000D\000e\000s\000c\000r\000i\000p\000t\000i\000o\000n}{section.6.26}% 338
\BOOKMARK [3][-]{subsubsection.6.26.1.1}{\376\377\0006\000.\0002\0006\000.\0001\000.\0001\000\040\000B\000D\000C\000C}{subsection.6.26.1}% 339
\BOOKMARK [0][-]{section*.77}{\376\377\000I\000n\000d\000e\000x}{}% 340
